==== Example tokenized input and labels ====
Sample 1:
Input tokens: [504, 1695, 359, 2701, 4187, 2029, 365, 3659, 5360, 25, 563, 216, 904, 1125, 8856, 30, 198, 198, 14413, 14279, 553, 260, 4919, 1230, 282, 41970, 10568, 47, 198, 49, 30, 35100, 63, 198, 50, 30, 659, 34, 63, 198, 51, 30, 1065, 34, 63, 35, 198, 52, 30, 11677, 34, 63, 198, 21350, 42, 340, 2, 2, 2, 2, 2, 2, 2, 2, 2, 2, 2, 2, 2, 2, 2, 2, 2, 2, 2, 2, 2, 2, 2, 2, 2, 2, 2, 2, 2, 2, 2, 2, 2, 2, 2, 2, 2, 2, 2, 2, 2, 2, 2, 2, 2, 2, 2, 2, 2, 2, 2, 2, 2, 2, 2, 2, 2, 2, 2, 2, 2, 2, 2, 2, 2, 2, 2, 2, 2, 2, 2, 2, 2, 2, 2, 2, 2, 2, 2, 2, 2, 2, 2, 2, 2, 2, 2, 2, 2, 2, 2, 2, 2, 2, 2, 2, 2, 2, 2, 2, 2, 2, 2, 2, 2, 2, 2, 2, 2, 2, 2, 2, 2, 2, 2, 2, 2, 2, 2, 2, 2, 2, 2, 2, 2, 2, 2, 2, 2, 2, 2, 2, 2, 2, 2, 2, 2, 2, 2, 2, 2, 2, 2, 2, 2, 2, 2, 2, 2, 2, 2, 2, 2, 2, 2, 2, 2, 2, 2, 2, 2, 2, 2, 2, 2, 2, 2, 2, 2, 2, 2, 2, 2, 2, 2, 2, 2, 2, 2, 2, 2, 2, 2, 2, 2, 2, 2, 2, 2, 2, 2, 2, 2, 2, 2, 2, 2, 2, 2, 2, 2, 2, 2, 2, 2, 2, 2, 2, 2, 2, 2, 2, 2, 2, 2, 2, 2, 2, 2, 2, 2, 2, 2, 2, 2, 2, 2, 2, 2, 2, 2, 2, 2, 2, 2, 2, 2, 2, 2, 2, 2, 2, 2, 2, 2, 2, 2, 2, 2, 2, 2, 2, 2, 2, 2, 2, 2, 2, 2, 2, 2, 2, 2, 2, 2, 2, 2, 2, 2, 2, 2, 2, 2, 2, 2, 2, 2, 2, 2, 2, 2, 2, 2, 2, 2, 2, 2, 2, 2, 2, 2, 2, 2, 2, 2, 2, 2, 2, 2, 2, 2, 2, 2, 2, 2, 2, 2, 2, 2, 2, 2, 2, 2, 2, 2, 2, 2, 2, 2, 2, 2, 2, 2, 2, 2, 2, 2, 2, 2, 2, 2, 2, 2, 2, 2, 2, 2, 2, 2, 2, 2, 2, 2, 2, 2, 2, 2, 2, 2, 2, 2, 2, 2, 2, 2, 2, 2, 2, 2, 2, 2, 2, 2, 2, 2, 2, 2, 2, 2, 2, 2, 2, 2, 2, 2, 2, 2, 2, 2, 2, 2, 2, 2, 2, 2, 2, 2, 2, 2, 2, 2, 2, 2, 2, 2, 2, 2, 2, 2, 2, 2, 2, 2, 2, 2, 2, 2, 2, 2, 2, 2, 2, 2, 2, 2, 2, 2, 2, 2, 2, 2, 2, 2, 2, 2, 2, 2, 2, 2, 2, 2, 2, 2, 2, 2, 2, 2, 2, 2, 2, 2, 2, 2, 2, 2, 2, 2, 2, 2, 2, 2, 2, 2, 2, 2, 2]
Input text: The following are multiple choice questions (with answers) about  high school chemistry.

Which oxide has the highest number of valence electrons?
A. MgO
B. K2O
C. Al2O3
D. Na2O
Answer: C
Labels: [-100, -100, -100, -100, -100, -100, -100, -100, -100, -100, -100, -100, -100, -100, -100, -100, -100, -100, -100, -100, -100, -100, -100, -100, -100, -100, -100, -100, -100, -100, -100, -100, -100, -100, -100, -100, -100, -100, -100, -100, -100, -100, -100, -100, -100, -100, -100, -100, -100, -100, -100, -100, -100, -100, -100, 51, -100, -100, -100, -100, -100, -100, -100, -100, -100, -100, -100, -100, -100, -100, -100, -100, -100, -100, -100, -100, -100, -100, -100, -100, -100, -100, -100, -100, -100, -100, -100, -100, -100, -100, -100, -100, -100, -100, -100, -100, -100, -100, -100, -100, -100, -100, -100, -100, -100, -100, -100, -100, -100, -100, -100, -100, -100, -100, -100, -100, -100, -100, -100, -100, -100, -100, -100, -100, -100, -100, -100, -100, -100, -100, -100, -100, -100, -100, -100, -100, -100, -100, -100, -100, -100, -100, -100, -100, -100, -100, -100, -100, -100, -100, -100, -100, -100, -100, -100, -100, -100, -100, -100, -100, -100, -100, -100, -100, -100, -100, -100, -100, -100, -100, -100, -100, -100, -100, -100, -100, -100, -100, -100, -100, -100, -100, -100, -100, -100, -100, -100, -100, -100, -100, -100, -100, -100, -100, -100, -100, -100, -100, -100, -100, -100, -100, -100, -100, -100, -100, -100, -100, -100, -100, -100, -100, -100, -100, -100, -100, -100, -100, -100, -100, -100, -100, -100, -100, -100, -100, -100, -100, -100, -100, -100, -100, -100, -100, -100, -100, -100, -100, -100, -100, -100, -100, -100, -100, -100, -100, -100, -100, -100, -100, -100, -100, -100, -100, -100, -100, -100, -100, -100, -100, -100, -100, -100, -100, -100, -100, -100, -100, -100, -100, -100, -100, -100, -100, -100, -100, -100, -100, -100, -100, -100, -100, -100, -100, -100, -100, -100, -100, -100, -100, -100, -100, -100, -100, -100, -100, -100, -100, -100, -100, -100, -100, -100, -100, -100, -100, -100, -100, -100, -100, -100, -100, -100, -100, -100, -100, -100, -100, -100, -100, -100, -100, -100, -100, -100, -100, -100, -100, -100, -100, -100, -100, -100, -100, -100, -100, -100, -100, -100, -100, -100, -100, -100, -100, -100, -100, -100, -100, -100, -100, -100, -100, -100, -100, -100, -100, -100, -100, -100, -100, -100, -100, -100, -100, -100, -100, -100, -100, -100, -100, -100, -100, -100, -100, -100, -100, -100, -100, -100, -100, -100, -100, -100, -100, -100, -100, -100, -100, -100, -100, -100, -100, -100, -100, -100, -100, -100, -100, -100, -100, -100, -100, -100, -100, -100, -100, -100, -100, -100, -100, -100, -100, -100, -100, -100, -100, -100, -100, -100, -100, -100, -100, -100, -100, -100, -100, -100, -100, -100, -100, -100, -100, -100, -100, -100, -100, -100, -100, -100, -100, -100, -100, -100, -100, -100, -100, -100, -100, -100, -100, -100, -100, -100, -100, -100, -100, -100, -100, -100, -100, -100, -100, -100, -100, -100, -100, -100, -100, -100, -100, -100, -100, -100, -100, -100, -100, -100, -100, -100, -100, -100, -100, -100, -100, -100, -100, -100, -100, -100, -100, -100, -100, -100, -100, -100, -100, -100, -100, -100, -100, -100, -100, -100, -100, -100, -100, -100, -100, -100, -100, -100, -100]
Label text (masked tokens 제외): C
==================================================
Sample 2:
Input tokens: [504, 1695, 359, 2701, 4187, 2029, 365, 3659, 5360, 25, 563, 216, 904, 1125, 8856, 30, 198, 198, 19161, 260, 8609, 2819, 8345, 327, 260, 5303, 826, 260, 4015, 3973, 4553, 663, 10093, 365, 3603, 63, 31799, 284, 407, 27, 365, 24330, 595, 198, 49, 30, 25112, 3603, 1232, 407, 27, 17822, 1661, 27, 1232, 407, 34, 63, 198, 50, 30, 1661, 63, 29, 1232, 407, 27, 17822, 25112, 3603, 198, 51, 30, 1661, 63, 29, 1232, 407, 27, 17822, 1661, 56, 1232, 492, 198, 52, 30, 1661, 63, 29, 1232, 407, 27, 17822, 1661, 29, 1232, 407, 34, 63, 198, 21350, 42, 389, 2, 2, 2, 2, 2, 2, 2, 2, 2, 2, 2, 2, 2, 2, 2, 2, 2, 2, 2, 2, 2, 2, 2, 2, 2, 2, 2, 2, 2, 2, 2, 2, 2, 2, 2, 2, 2, 2, 2, 2, 2, 2, 2, 2, 2, 2, 2, 2, 2, 2, 2, 2, 2, 2, 2, 2, 2, 2, 2, 2, 2, 2, 2, 2, 2, 2, 2, 2, 2, 2, 2, 2, 2, 2, 2, 2, 2, 2, 2, 2, 2, 2, 2, 2, 2, 2, 2, 2, 2, 2, 2, 2, 2, 2, 2, 2, 2, 2, 2, 2, 2, 2, 2, 2, 2, 2, 2, 2, 2, 2, 2, 2, 2, 2, 2, 2, 2, 2, 2, 2, 2, 2, 2, 2, 2, 2, 2, 2, 2, 2, 2, 2, 2, 2, 2, 2, 2, 2, 2, 2, 2, 2, 2, 2, 2, 2, 2, 2, 2, 2, 2, 2, 2, 2, 2, 2, 2, 2, 2, 2, 2, 2, 2, 2, 2, 2, 2, 2, 2, 2, 2, 2, 2, 2, 2, 2, 2, 2, 2, 2, 2, 2, 2, 2, 2, 2, 2, 2, 2, 2, 2, 2, 2, 2, 2, 2, 2, 2, 2, 2, 2, 2, 2, 2, 2, 2, 2, 2, 2, 2, 2, 2, 2, 2, 2, 2, 2, 2, 2, 2, 2, 2, 2, 2, 2, 2, 2, 2, 2, 2, 2, 2, 2, 2, 2, 2, 2, 2, 2, 2, 2, 2, 2, 2, 2, 2, 2, 2, 2, 2, 2, 2, 2, 2, 2, 2, 2, 2, 2, 2, 2, 2, 2, 2, 2, 2, 2, 2, 2, 2, 2, 2, 2, 2, 2, 2, 2, 2, 2, 2, 2, 2, 2, 2, 2, 2, 2, 2, 2, 2, 2, 2, 2, 2, 2, 2, 2, 2, 2, 2, 2, 2, 2, 2, 2, 2, 2, 2, 2, 2, 2, 2, 2, 2, 2, 2, 2, 2, 2, 2, 2, 2, 2, 2, 2, 2, 2, 2, 2, 2, 2, 2, 2, 2, 2, 2, 2, 2, 2, 2, 2, 2, 2, 2, 2, 2, 2, 2, 2, 2, 2, 2, 2, 2, 2, 2, 2, 2, 2, 2, 2, 2, 2, 2, 2, 2, 2, 2, 2, 2, 2, 2, 2, 2, 2, 2, 2, 2, 2, 2, 2, 2, 2, 2, 2, 2, 2, 2, 2, 2, 2, 2, 2, 2, 2, 2, 2, 2, 2, 2, 2, 2, 2, 2, 2, 2, 2, 2]
Input text: The following are multiple choice questions (with answers) about  high school chemistry.

Write the balanced chemical equation for the reaction between the hypochlorite ion (ClO-) and H+ (aq).
A. HOCl + H+ → Cl+ + H2O
B. ClO- + H+ → HOCl
C. ClO- + H+ → ClH + O
D. ClO- + H+ → Cl- + H2O
Answer: B
Labels: [-100, -100, -100, -100, -100, -100, -100, -100, -100, -100, -100, -100, -100, -100, -100, -100, -100, -100, -100, -100, -100, -100, -100, -100, -100, -100, -100, -100, -100, -100, -100, -100, -100, -100, -100, -100, -100, -100, -100, -100, -100, -100, -100, -100, -100, -100, -100, -100, -100, -100, -100, -100, -100, -100, -100, -100, -100, -100, -100, -100, -100, -100, -100, -100, -100, -100, -100, -100, -100, -100, -100, -100, -100, -100, -100, -100, -100, -100, -100, -100, -100, -100, -100, -100, -100, -100, -100, -100, -100, -100, -100, -100, -100, -100, -100, -100, -100, -100, -100, -100, -100, -100, -100, 50, -100, -100, -100, -100, -100, -100, -100, -100, -100, -100, -100, -100, -100, -100, -100, -100, -100, -100, -100, -100, -100, -100, -100, -100, -100, -100, -100, -100, -100, -100, -100, -100, -100, -100, -100, -100, -100, -100, -100, -100, -100, -100, -100, -100, -100, -100, -100, -100, -100, -100, -100, -100, -100, -100, -100, -100, -100, -100, -100, -100, -100, -100, -100, -100, -100, -100, -100, -100, -100, -100, -100, -100, -100, -100, -100, -100, -100, -100, -100, -100, -100, -100, -100, -100, -100, -100, -100, -100, -100, -100, -100, -100, -100, -100, -100, -100, -100, -100, -100, -100, -100, -100, -100, -100, -100, -100, -100, -100, -100, -100, -100, -100, -100, -100, -100, -100, -100, -100, -100, -100, -100, -100, -100, -100, -100, -100, -100, -100, -100, -100, -100, -100, -100, -100, -100, -100, -100, -100, -100, -100, -100, -100, -100, -100, -100, -100, -100, -100, -100, -100, -100, -100, -100, -100, -100, -100, -100, -100, -100, -100, -100, -100, -100, -100, -100, -100, -100, -100, -100, -100, -100, -100, -100, -100, -100, -100, -100, -100, -100, -100, -100, -100, -100, -100, -100, -100, -100, -100, -100, -100, -100, -100, -100, -100, -100, -100, -100, -100, -100, -100, -100, -100, -100, -100, -100, -100, -100, -100, -100, -100, -100, -100, -100, -100, -100, -100, -100, -100, -100, -100, -100, -100, -100, -100, -100, -100, -100, -100, -100, -100, -100, -100, -100, -100, -100, -100, -100, -100, -100, -100, -100, -100, -100, -100, -100, -100, -100, -100, -100, -100, -100, -100, -100, -100, -100, -100, -100, -100, -100, -100, -100, -100, -100, -100, -100, -100, -100, -100, -100, -100, -100, -100, -100, -100, -100, -100, -100, -100, -100, -100, -100, -100, -100, -100, -100, -100, -100, -100, -100, -100, -100, -100, -100, -100, -100, -100, -100, -100, -100, -100, -100, -100, -100, -100, -100, -100, -100, -100, -100, -100, -100, -100, -100, -100, -100, -100, -100, -100, -100, -100, -100, -100, -100, -100, -100, -100, -100, -100, -100, -100, -100, -100, -100, -100, -100, -100, -100, -100, -100, -100, -100, -100, -100, -100, -100, -100, -100, -100, -100, -100, -100, -100, -100, -100, -100, -100, -100, -100, -100, -100, -100, -100, -100, -100, -100, -100, -100, -100, -100, -100, -100, -100, -100, -100, -100, -100, -100, -100, -100, -100, -100, -100, -100, -100, -100, -100, -100, -100, -100, -100, -100, -100, -100, -100, -100, -100, -100, -100, -100, -100, -100, -100, -100, -100, -100, -100, -100, -100]
Label text (masked tokens 제외): B
==================================================
Sample 3:
Input tokens: [504, 1695, 359, 2701, 4187, 2029, 365, 3659, 5360, 25, 563, 216, 904, 1125, 8856, 30, 198, 198, 1780, 2311, 2994, 260, 6926, 281, 260, 17349, 980, 47, 198, 49, 30, 14488, 286, 3672, 30, 198, 50, 30, 1644, 320, 5469, 30, 198, 51, 30, 14488, 7600, 30, 198, 52, 30, 378, 4688, 2581, 30, 198, 21350, 42, 422, 2, 2, 2, 2, 2, 2, 2, 2, 2, 2, 2, 2, 2, 2, 2, 2, 2, 2, 2, 2, 2, 2, 2, 2, 2, 2, 2, 2, 2, 2, 2, 2, 2, 2, 2, 2, 2, 2, 2, 2, 2, 2, 2, 2, 2, 2, 2, 2, 2, 2, 2, 2, 2, 2, 2, 2, 2, 2, 2, 2, 2, 2, 2, 2, 2, 2, 2, 2, 2, 2, 2, 2, 2, 2, 2, 2, 2, 2, 2, 2, 2, 2, 2, 2, 2, 2, 2, 2, 2, 2, 2, 2, 2, 2, 2, 2, 2, 2, 2, 2, 2, 2, 2, 2, 2, 2, 2, 2, 2, 2, 2, 2, 2, 2, 2, 2, 2, 2, 2, 2, 2, 2, 2, 2, 2, 2, 2, 2, 2, 2, 2, 2, 2, 2, 2, 2, 2, 2, 2, 2, 2, 2, 2, 2, 2, 2, 2, 2, 2, 2, 2, 2, 2, 2, 2, 2, 2, 2, 2, 2, 2, 2, 2, 2, 2, 2, 2, 2, 2, 2, 2, 2, 2, 2, 2, 2, 2, 2, 2, 2, 2, 2, 2, 2, 2, 2, 2, 2, 2, 2, 2, 2, 2, 2, 2, 2, 2, 2, 2, 2, 2, 2, 2, 2, 2, 2, 2, 2, 2, 2, 2, 2, 2, 2, 2, 2, 2, 2, 2, 2, 2, 2, 2, 2, 2, 2, 2, 2, 2, 2, 2, 2, 2, 2, 2, 2, 2, 2, 2, 2, 2, 2, 2, 2, 2, 2, 2, 2, 2, 2, 2, 2, 2, 2, 2, 2, 2, 2, 2, 2, 2, 2, 2, 2, 2, 2, 2, 2, 2, 2, 2, 2, 2, 2, 2, 2, 2, 2, 2, 2, 2, 2, 2, 2, 2, 2, 2, 2, 2, 2, 2, 2, 2, 2, 2, 2, 2, 2, 2, 2, 2, 2, 2, 2, 2, 2, 2, 2, 2, 2, 2, 2, 2, 2, 2, 2, 2, 2, 2, 2, 2, 2, 2, 2, 2, 2, 2, 2, 2, 2, 2, 2, 2, 2, 2, 2, 2, 2, 2, 2, 2, 2, 2, 2, 2, 2, 2, 2, 2, 2, 2, 2, 2, 2, 2, 2, 2, 2, 2, 2, 2, 2, 2, 2, 2, 2, 2, 2, 2, 2, 2, 2, 2, 2, 2, 2, 2, 2, 2, 2, 2, 2, 2, 2, 2, 2, 2, 2, 2, 2, 2, 2, 2, 2, 2, 2, 2, 2, 2, 2, 2, 2, 2, 2, 2, 2, 2, 2, 2, 2, 2, 2, 2, 2, 2, 2, 2, 2, 2, 2, 2, 2, 2, 2, 2, 2, 2, 2, 2, 2, 2, 2, 2, 2, 2, 2, 2, 2, 2, 2, 2, 2, 2, 2, 2, 2, 2, 2, 2, 2, 2, 2, 2]
Input text: The following are multiple choice questions (with answers) about  high school chemistry.

What helps complete the circuit in the corrosion process?
A. Carbonic acid.
B. Soot particles.
C. Carbon dioxide.
D. The iron itself.
Answer: D
Labels: [-100, -100, -100, -100, -100, -100, -100, -100, -100, -100, -100, -100, -100, -100, -100, -100, -100, -100, -100, -100, -100, -100, -100, -100, -100, -100, -100, -100, -100, -100, -100, -100, -100, -100, -100, -100, -100, -100, -100, -100, -100, -100, -100, -100, -100, -100, -100, -100, -100, -100, -100, -100, -100, -100, -100, -100, -100, -100, 52, -100, -100, -100, -100, -100, -100, -100, -100, -100, -100, -100, -100, -100, -100, -100, -100, -100, -100, -100, -100, -100, -100, -100, -100, -100, -100, -100, -100, -100, -100, -100, -100, -100, -100, -100, -100, -100, -100, -100, -100, -100, -100, -100, -100, -100, -100, -100, -100, -100, -100, -100, -100, -100, -100, -100, -100, -100, -100, -100, -100, -100, -100, -100, -100, -100, -100, -100, -100, -100, -100, -100, -100, -100, -100, -100, -100, -100, -100, -100, -100, -100, -100, -100, -100, -100, -100, -100, -100, -100, -100, -100, -100, -100, -100, -100, -100, -100, -100, -100, -100, -100, -100, -100, -100, -100, -100, -100, -100, -100, -100, -100, -100, -100, -100, -100, -100, -100, -100, -100, -100, -100, -100, -100, -100, -100, -100, -100, -100, -100, -100, -100, -100, -100, -100, -100, -100, -100, -100, -100, -100, -100, -100, -100, -100, -100, -100, -100, -100, -100, -100, -100, -100, -100, -100, -100, -100, -100, -100, -100, -100, -100, -100, -100, -100, -100, -100, -100, -100, -100, -100, -100, -100, -100, -100, -100, -100, -100, -100, -100, -100, -100, -100, -100, -100, -100, -100, -100, -100, -100, -100, -100, -100, -100, -100, -100, -100, -100, -100, -100, -100, -100, -100, -100, -100, -100, -100, -100, -100, -100, -100, -100, -100, -100, -100, -100, -100, -100, -100, -100, -100, -100, -100, -100, -100, -100, -100, -100, -100, -100, -100, -100, -100, -100, -100, -100, -100, -100, -100, -100, -100, -100, -100, -100, -100, -100, -100, -100, -100, -100, -100, -100, -100, -100, -100, -100, -100, -100, -100, -100, -100, -100, -100, -100, -100, -100, -100, -100, -100, -100, -100, -100, -100, -100, -100, -100, -100, -100, -100, -100, -100, -100, -100, -100, -100, -100, -100, -100, -100, -100, -100, -100, -100, -100, -100, -100, -100, -100, -100, -100, -100, -100, -100, -100, -100, -100, -100, -100, -100, -100, -100, -100, -100, -100, -100, -100, -100, -100, -100, -100, -100, -100, -100, -100, -100, -100, -100, -100, -100, -100, -100, -100, -100, -100, -100, -100, -100, -100, -100, -100, -100, -100, -100, -100, -100, -100, -100, -100, -100, -100, -100, -100, -100, -100, -100, -100, -100, -100, -100, -100, -100, -100, -100, -100, -100, -100, -100, -100, -100, -100, -100, -100, -100, -100, -100, -100, -100, -100, -100, -100, -100, -100, -100, -100, -100, -100, -100, -100, -100, -100, -100, -100, -100, -100, -100, -100, -100, -100, -100, -100, -100, -100, -100, -100, -100, -100, -100, -100, -100, -100, -100, -100, -100, -100, -100, -100, -100, -100, -100, -100, -100, -100, -100, -100, -100, -100, -100, -100, -100, -100, -100, -100, -100, -100, -100, -100, -100, -100, -100, -100, -100, -100, -100, -100, -100, -100, -100, -100, -100, -100, -100, -100, -100, -100]
Label text (masked tokens 제외): D
==================================================
{'loss': 1.5985, 'grad_norm': 5.376911163330078, 'learning_rate': 9.985600000000001e-06, 'epoch': 0.02}
{'loss': 1.1013, 'grad_norm': 2.3175971508026123, 'learning_rate': 9.9696e-06, 'epoch': 0.03}
{'loss': 0.9597, 'grad_norm': 1.2980315685272217, 'learning_rate': 9.9536e-06, 'epoch': 0.05}
{'loss': 0.9843, 'grad_norm': 1.6848610639572144, 'learning_rate': 9.937600000000001e-06, 'epoch': 0.06}
{'loss': 0.9739, 'grad_norm': 1.4834026098251343, 'learning_rate': 9.921600000000002e-06, 'epoch': 0.08}
{'loss': 0.9238, 'grad_norm': 1.3406567573547363, 'learning_rate': 9.9056e-06, 'epoch': 0.1}
{'loss': 0.9393, 'grad_norm': 1.1742231845855713, 'learning_rate': 9.889600000000001e-06, 'epoch': 0.11}
{'loss': 0.9045, 'grad_norm': 1.2459912300109863, 'learning_rate': 9.873600000000001e-06, 'epoch': 0.13}
{'loss': 0.9689, 'grad_norm': 1.2448244094848633, 'learning_rate': 9.8576e-06, 'epoch': 0.14}
{'loss': 0.9184, 'grad_norm': 1.3969719409942627, 'learning_rate': 9.8416e-06, 'epoch': 0.16}
{'loss': 0.9349, 'grad_norm': 1.2694472074508667, 'learning_rate': 9.825600000000001e-06, 'epoch': 0.18}
{'loss': 0.9158, 'grad_norm': 1.254096508026123, 'learning_rate': 9.809600000000002e-06, 'epoch': 0.19}
{'loss': 0.9159, 'grad_norm': 1.2434815168380737, 'learning_rate': 9.7936e-06, 'epoch': 0.21}
{'loss': 0.9171, 'grad_norm': 1.2982139587402344, 'learning_rate': 9.777600000000001e-06, 'epoch': 0.22}
{'loss': 0.8897, 'grad_norm': 1.1402232646942139, 'learning_rate': 9.761600000000002e-06, 'epoch': 0.24}
{'loss': 0.8998, 'grad_norm': 1.2493568658828735, 'learning_rate': 9.7456e-06, 'epoch': 0.26}
{'loss': 0.877, 'grad_norm': 1.2497963905334473, 'learning_rate': 9.7296e-06, 'epoch': 0.27}
{'loss': 0.883, 'grad_norm': 1.177292823791504, 'learning_rate': 9.713600000000001e-06, 'epoch': 0.29}
{'loss': 0.9231, 'grad_norm': 1.192064642906189, 'learning_rate': 9.6976e-06, 'epoch': 0.3}
{'loss': 0.8844, 'grad_norm': 1.363831639289856, 'learning_rate': 9.6816e-06, 'epoch': 0.32}
{'loss': 0.8921, 'grad_norm': 1.2366567850112915, 'learning_rate': 9.665600000000001e-06, 'epoch': 0.34}
{'loss': 0.9372, 'grad_norm': 1.3422315120697021, 'learning_rate': 9.649600000000002e-06, 'epoch': 0.35}
{'loss': 0.8805, 'grad_norm': 1.2810794115066528, 'learning_rate': 9.6336e-06, 'epoch': 0.37}
{'loss': 0.8879, 'grad_norm': 1.1001538038253784, 'learning_rate': 9.617600000000001e-06, 'epoch': 0.38}
{'loss': 0.8805, 'grad_norm': 1.2790957689285278, 'learning_rate': 9.601600000000001e-06, 'epoch': 0.4}
{'loss': 0.8502, 'grad_norm': 1.190800428390503, 'learning_rate': 9.5856e-06, 'epoch': 0.42}
{'loss': 0.8821, 'grad_norm': 1.1575528383255005, 'learning_rate': 9.5696e-06, 'epoch': 0.43}
{'loss': 0.8522, 'grad_norm': 1.1822125911712646, 'learning_rate': 9.553600000000001e-06, 'epoch': 0.45}
{'loss': 0.8903, 'grad_norm': 1.2815001010894775, 'learning_rate': 9.537600000000002e-06, 'epoch': 0.46}
{'loss': 0.9075, 'grad_norm': 1.188166618347168, 'learning_rate': 9.5216e-06, 'epoch': 0.48}
{'loss': 0.8925, 'grad_norm': 1.3525460958480835, 'learning_rate': 9.505600000000001e-06, 'epoch': 0.5}
{'loss': 0.8807, 'grad_norm': 1.169080138206482, 'learning_rate': 9.489600000000001e-06, 'epoch': 0.51}
{'loss': 0.8973, 'grad_norm': 1.177954077720642, 'learning_rate': 9.4736e-06, 'epoch': 0.53}
{'loss': 0.8708, 'grad_norm': 1.2195075750350952, 'learning_rate': 9.4576e-06, 'epoch': 0.54}
{'loss': 0.8832, 'grad_norm': 1.1810927391052246, 'learning_rate': 9.441600000000001e-06, 'epoch': 0.56}
{'loss': 0.8423, 'grad_norm': 1.139256477355957, 'learning_rate': 9.4256e-06, 'epoch': 0.58}
{'loss': 0.871, 'grad_norm': 1.2041823863983154, 'learning_rate': 9.4096e-06, 'epoch': 0.59}
{'loss': 0.929, 'grad_norm': 1.2371981143951416, 'learning_rate': 9.393600000000001e-06, 'epoch': 0.61}
{'loss': 0.882, 'grad_norm': 1.1639025211334229, 'learning_rate': 9.377600000000001e-06, 'epoch': 0.62}
{'loss': 0.9443, 'grad_norm': 1.1825132369995117, 'learning_rate': 9.3632e-06, 'epoch': 0.64}
{'loss': 0.8967, 'grad_norm': 1.2249916791915894, 'learning_rate': 9.347200000000001e-06, 'epoch': 0.66}
{'loss': 0.8419, 'grad_norm': 1.314759373664856, 'learning_rate': 9.3312e-06, 'epoch': 0.67}
{'loss': 0.9025, 'grad_norm': 1.2224235534667969, 'learning_rate': 9.3152e-06, 'epoch': 0.69}
{'loss': 0.8567, 'grad_norm': 1.1997714042663574, 'learning_rate': 9.2992e-06, 'epoch': 0.7}
{'loss': 0.8719, 'grad_norm': 1.2147865295410156, 'learning_rate': 9.283200000000001e-06, 'epoch': 0.72}
{'loss': 0.8752, 'grad_norm': 1.1198451519012451, 'learning_rate': 9.2672e-06, 'epoch': 0.74}
{'loss': 0.8803, 'grad_norm': 1.2142983675003052, 'learning_rate': 9.2512e-06, 'epoch': 0.75}
{'loss': 0.881, 'grad_norm': 1.3156489133834839, 'learning_rate': 9.235200000000001e-06, 'epoch': 0.77}
{'loss': 0.8302, 'grad_norm': 1.2852696180343628, 'learning_rate': 9.2192e-06, 'epoch': 0.78}
{'loss': 0.86, 'grad_norm': 1.1594935655593872, 'learning_rate': 9.2032e-06, 'epoch': 0.8}
{'loss': 0.8331, 'grad_norm': 1.1446242332458496, 'learning_rate': 9.1872e-06, 'epoch': 0.82}
{'loss': 0.864, 'grad_norm': 1.1363227367401123, 'learning_rate': 9.171200000000001e-06, 'epoch': 0.83}
{'loss': 0.8466, 'grad_norm': 1.294326663017273, 'learning_rate': 9.1552e-06, 'epoch': 0.85}
{'loss': 0.8252, 'grad_norm': 1.3439135551452637, 'learning_rate': 9.1392e-06, 'epoch': 0.86}
{'loss': 0.8779, 'grad_norm': 1.0822614431381226, 'learning_rate': 9.123200000000001e-06, 'epoch': 0.88}
{'loss': 0.875, 'grad_norm': 1.1821932792663574, 'learning_rate': 9.1072e-06, 'epoch': 0.9}
{'loss': 0.8613, 'grad_norm': 1.1744767427444458, 'learning_rate': 9.0912e-06, 'epoch': 0.91}
{'loss': 0.8649, 'grad_norm': 1.2197421789169312, 'learning_rate': 9.0752e-06, 'epoch': 0.93}
{'loss': 0.8202, 'grad_norm': 1.2032889127731323, 'learning_rate': 9.0592e-06, 'epoch': 0.94}
{'loss': 0.8557, 'grad_norm': 1.3576065301895142, 'learning_rate': 9.0432e-06, 'epoch': 0.96}
{'loss': 0.8749, 'grad_norm': 1.1307411193847656, 'learning_rate': 9.0272e-06, 'epoch': 0.98}
{'loss': 0.887, 'grad_norm': 1.2425812482833862, 'learning_rate': 9.011200000000001e-06, 'epoch': 0.99}
{'loss': 0.8303, 'grad_norm': 1.1207349300384521, 'learning_rate': 8.9952e-06, 'epoch': 1.01}
{'loss': 0.8016, 'grad_norm': 1.1029735803604126, 'learning_rate': 8.979200000000002e-06, 'epoch': 1.02}
{'loss': 0.8382, 'grad_norm': 1.079485297203064, 'learning_rate': 8.963200000000001e-06, 'epoch': 1.04}
{'loss': 0.7916, 'grad_norm': 1.1959065198898315, 'learning_rate': 8.9472e-06, 'epoch': 1.06}
{'loss': 0.8252, 'grad_norm': 1.2138206958770752, 'learning_rate': 8.9312e-06, 'epoch': 1.07}
{'loss': 0.8347, 'grad_norm': 1.1936463117599487, 'learning_rate': 8.9152e-06, 'epoch': 1.09}
{'loss': 0.8109, 'grad_norm': 1.2106339931488037, 'learning_rate': 8.899200000000001e-06, 'epoch': 1.1}
{'loss': 0.8248, 'grad_norm': 1.2117618322372437, 'learning_rate': 8.8832e-06, 'epoch': 1.12}
{'loss': 0.7811, 'grad_norm': 1.216965675354004, 'learning_rate': 8.8672e-06, 'epoch': 1.14}
{'loss': 0.8201, 'grad_norm': 1.3322160243988037, 'learning_rate': 8.851200000000001e-06, 'epoch': 1.15}
{'loss': 0.7959, 'grad_norm': 1.1472898721694946, 'learning_rate': 8.8352e-06, 'epoch': 1.17}
{'loss': 0.7983, 'grad_norm': 1.1587746143341064, 'learning_rate': 8.819200000000002e-06, 'epoch': 1.18}
{'loss': 0.8368, 'grad_norm': 1.3049640655517578, 'learning_rate': 8.8048e-06, 'epoch': 1.2}
{'loss': 0.7777, 'grad_norm': 1.0772185325622559, 'learning_rate': 8.788800000000001e-06, 'epoch': 1.22}
{'loss': 0.7963, 'grad_norm': 1.0954782962799072, 'learning_rate': 8.7728e-06, 'epoch': 1.23}
{'loss': 0.8428, 'grad_norm': 1.304445743560791, 'learning_rate': 8.7568e-06, 'epoch': 1.25}
{'loss': 0.8112, 'grad_norm': 1.2996395826339722, 'learning_rate': 8.740800000000001e-06, 'epoch': 1.26}
{'loss': 0.7937, 'grad_norm': 1.2255494594573975, 'learning_rate': 8.724800000000002e-06, 'epoch': 1.28}
{'loss': 0.7871, 'grad_norm': 1.195936679840088, 'learning_rate': 8.7088e-06, 'epoch': 1.3}
{'loss': 0.8238, 'grad_norm': 1.1870814561843872, 'learning_rate': 8.692800000000001e-06, 'epoch': 1.31}
{'loss': 0.8043, 'grad_norm': 1.3185738325119019, 'learning_rate': 8.676800000000001e-06, 'epoch': 1.33}
{'loss': 0.8478, 'grad_norm': 1.1531915664672852, 'learning_rate': 8.6608e-06, 'epoch': 1.34}
{'loss': 0.8077, 'grad_norm': 1.0865581035614014, 'learning_rate': 8.6448e-06, 'epoch': 1.36}
{'loss': 0.8217, 'grad_norm': 1.4939082860946655, 'learning_rate': 8.628800000000001e-06, 'epoch': 1.38}
{'loss': 0.8068, 'grad_norm': 1.168789267539978, 'learning_rate': 8.612800000000002e-06, 'epoch': 1.39}
{'loss': 0.794, 'grad_norm': 1.3904073238372803, 'learning_rate': 8.5968e-06, 'epoch': 1.41}
{'loss': 0.7836, 'grad_norm': 1.2000761032104492, 'learning_rate': 8.580800000000001e-06, 'epoch': 1.42}
{'loss': 0.7893, 'grad_norm': 1.1447938680648804, 'learning_rate': 8.564800000000001e-06, 'epoch': 1.44}
{'loss': 0.8057, 'grad_norm': 1.1762272119522095, 'learning_rate': 8.5488e-06, 'epoch': 1.46}
{'loss': 0.8344, 'grad_norm': 1.138602614402771, 'learning_rate': 8.5344e-06, 'epoch': 1.47}
{'loss': 0.7832, 'grad_norm': 1.0395557880401611, 'learning_rate': 8.518400000000001e-06, 'epoch': 1.49}
{'loss': 0.8261, 'grad_norm': 1.2662162780761719, 'learning_rate': 8.5024e-06, 'epoch': 1.5}
{'loss': 0.7751, 'grad_norm': 1.1901062726974487, 'learning_rate': 8.4864e-06, 'epoch': 1.52}
{'loss': 0.8403, 'grad_norm': 1.0671085119247437, 'learning_rate': 8.470400000000001e-06, 'epoch': 1.54}
{'loss': 0.8111, 'grad_norm': 1.2891443967819214, 'learning_rate': 8.4544e-06, 'epoch': 1.55}
{'loss': 0.813, 'grad_norm': 1.1580379009246826, 'learning_rate': 8.4384e-06, 'epoch': 1.57}
{'loss': 0.8291, 'grad_norm': 1.2080819606781006, 'learning_rate': 8.422400000000001e-06, 'epoch': 1.58}
{'loss': 0.7789, 'grad_norm': 1.1683402061462402, 'learning_rate': 8.406400000000001e-06, 'epoch': 1.6}
{'loss': 0.792, 'grad_norm': 1.2149906158447266, 'learning_rate': 8.3904e-06, 'epoch': 1.62}
{'loss': 0.8038, 'grad_norm': 1.2117819786071777, 'learning_rate': 8.3744e-06, 'epoch': 1.63}
{'loss': 0.7871, 'grad_norm': 1.1019504070281982, 'learning_rate': 8.358400000000001e-06, 'epoch': 1.65}
{'loss': 0.8134, 'grad_norm': 1.2388694286346436, 'learning_rate': 8.344000000000002e-06, 'epoch': 1.66}
{'loss': 0.8022, 'grad_norm': 1.1585673093795776, 'learning_rate': 8.328e-06, 'epoch': 1.68}
{'loss': 0.7919, 'grad_norm': 1.2411491870880127, 'learning_rate': 8.312000000000001e-06, 'epoch': 1.7}
{'loss': 0.8169, 'grad_norm': 1.196604609489441, 'learning_rate': 8.296000000000002e-06, 'epoch': 1.71}
{'loss': 0.8053, 'grad_norm': 1.2205991744995117, 'learning_rate': 8.28e-06, 'epoch': 1.73}
{'loss': 0.8064, 'grad_norm': 1.1699855327606201, 'learning_rate': 8.264e-06, 'epoch': 1.74}
{'loss': 0.8123, 'grad_norm': 1.261084794998169, 'learning_rate': 8.248e-06, 'epoch': 1.76}
{'loss': 0.8255, 'grad_norm': 1.2001091241836548, 'learning_rate': 8.2336e-06, 'epoch': 1.78}
{'loss': 0.7808, 'grad_norm': 1.2432606220245361, 'learning_rate': 8.2176e-06, 'epoch': 1.79}
{'loss': 0.8381, 'grad_norm': 1.2545342445373535, 'learning_rate': 8.201600000000001e-06, 'epoch': 1.81}
{'loss': 0.813, 'grad_norm': 1.271897315979004, 'learning_rate': 8.1856e-06, 'epoch': 1.82}
{'loss': 0.8325, 'grad_norm': 1.230381965637207, 'learning_rate': 8.1696e-06, 'epoch': 1.84}
{'loss': 0.8436, 'grad_norm': 1.2037794589996338, 'learning_rate': 8.153600000000001e-06, 'epoch': 1.86}
{'loss': 0.809, 'grad_norm': 1.2096352577209473, 'learning_rate': 8.137600000000002e-06, 'epoch': 1.87}
{'loss': 0.8091, 'grad_norm': 1.3264412879943848, 'learning_rate': 8.1216e-06, 'epoch': 1.89}
{'loss': 0.7754, 'grad_norm': 1.1641854047775269, 'learning_rate': 8.1056e-06, 'epoch': 1.9}
{'loss': 0.7846, 'grad_norm': 1.1453208923339844, 'learning_rate': 8.089600000000001e-06, 'epoch': 1.92}
{'loss': 0.7964, 'grad_norm': 1.2387205362319946, 'learning_rate': 8.0736e-06, 'epoch': 1.94}
{'loss': 0.8232, 'grad_norm': 1.1477980613708496, 'learning_rate': 8.0576e-06, 'epoch': 1.95}
{'loss': 0.8202, 'grad_norm': 1.3280645608901978, 'learning_rate': 8.041600000000001e-06, 'epoch': 1.97}
{'loss': 0.8237, 'grad_norm': 1.2057543992996216, 'learning_rate': 8.025600000000002e-06, 'epoch': 1.98}
{'loss': 0.8364, 'grad_norm': 1.1723828315734863, 'learning_rate': 8.0096e-06, 'epoch': 2.0}
{'loss': 0.7439, 'grad_norm': 1.0990097522735596, 'learning_rate': 7.993600000000001e-06, 'epoch': 2.02}
{'loss': 0.7647, 'grad_norm': 1.16311776638031, 'learning_rate': 7.977600000000001e-06, 'epoch': 2.03}
{'loss': 0.7631, 'grad_norm': 1.1151670217514038, 'learning_rate': 7.9616e-06, 'epoch': 2.05}
{'loss': 0.7507, 'grad_norm': 1.2449510097503662, 'learning_rate': 7.9456e-06, 'epoch': 2.06}
{'loss': 0.7738, 'grad_norm': 1.151930809020996, 'learning_rate': 7.929600000000001e-06, 'epoch': 2.08}
{'loss': 0.769, 'grad_norm': 1.333424687385559, 'learning_rate': 7.9136e-06, 'epoch': 2.1}
{'loss': 0.7277, 'grad_norm': 1.1669389009475708, 'learning_rate': 7.8976e-06, 'epoch': 2.11}
{'loss': 0.8013, 'grad_norm': 1.2624884843826294, 'learning_rate': 7.881600000000001e-06, 'epoch': 2.13}
{'loss': 0.7341, 'grad_norm': 1.224536657333374, 'learning_rate': 7.865600000000001e-06, 'epoch': 2.14}
{'loss': 0.7358, 'grad_norm': 1.2500227689743042, 'learning_rate': 7.8496e-06, 'epoch': 2.16}
{'loss': 0.7519, 'grad_norm': 1.2546533346176147, 'learning_rate': 7.8336e-06, 'epoch': 2.18}
{'loss': 0.8016, 'grad_norm': 1.2858741283416748, 'learning_rate': 7.817600000000001e-06, 'epoch': 2.19}
{'loss': 0.7572, 'grad_norm': 1.2528101205825806, 'learning_rate': 7.8016e-06, 'epoch': 2.21}
{'loss': 0.7445, 'grad_norm': 1.2141841650009155, 'learning_rate': 7.7856e-06, 'epoch': 2.22}
{'loss': 0.7705, 'grad_norm': 1.289713978767395, 'learning_rate': 7.769600000000001e-06, 'epoch': 2.24}
{'loss': 0.7155, 'grad_norm': 1.150385856628418, 'learning_rate': 7.753600000000001e-06, 'epoch': 2.26}
{'loss': 0.7976, 'grad_norm': 1.3510303497314453, 'learning_rate': 7.7392e-06, 'epoch': 2.27}
{'loss': 0.7826, 'grad_norm': 1.2789915800094604, 'learning_rate': 7.723200000000001e-06, 'epoch': 2.29}
{'loss': 0.7863, 'grad_norm': 1.3978224992752075, 'learning_rate': 7.7072e-06, 'epoch': 2.3}
{'loss': 0.7487, 'grad_norm': 1.2156955003738403, 'learning_rate': 7.6912e-06, 'epoch': 2.32}
{'loss': 0.7507, 'grad_norm': 1.2795828580856323, 'learning_rate': 7.6752e-06, 'epoch': 2.34}
{'loss': 0.7627, 'grad_norm': 1.1448173522949219, 'learning_rate': 7.659200000000001e-06, 'epoch': 2.35}
{'loss': 0.7571, 'grad_norm': 1.2231818437576294, 'learning_rate': 7.6432e-06, 'epoch': 2.37}
{'loss': 0.776, 'grad_norm': 1.1567274332046509, 'learning_rate': 7.6272000000000004e-06, 'epoch': 2.38}
{'loss': 0.7784, 'grad_norm': 1.2112973928451538, 'learning_rate': 7.611200000000001e-06, 'epoch': 2.4}
{'loss': 0.7671, 'grad_norm': 1.254441738128662, 'learning_rate': 7.5952000000000006e-06, 'epoch': 2.42}
{'loss': 0.7619, 'grad_norm': 1.2682982683181763, 'learning_rate': 7.579200000000001e-06, 'epoch': 2.43}
{'loss': 0.7449, 'grad_norm': 1.0806553363800049, 'learning_rate': 7.563200000000001e-06, 'epoch': 2.45}
{'loss': 0.7317, 'grad_norm': 1.2069439888000488, 'learning_rate': 7.5472e-06, 'epoch': 2.46}
{'loss': 0.7842, 'grad_norm': 1.3216267824172974, 'learning_rate': 7.531200000000001e-06, 'epoch': 2.48}
{'loss': 0.7698, 'grad_norm': 1.0577298402786255, 'learning_rate': 7.5152000000000005e-06, 'epoch': 2.5}
{'loss': 0.7592, 'grad_norm': 1.0356677770614624, 'learning_rate': 7.499200000000001e-06, 'epoch': 2.51}
{'loss': 0.7551, 'grad_norm': 1.2725402116775513, 'learning_rate': 7.483200000000001e-06, 'epoch': 2.53}
{'loss': 0.756, 'grad_norm': 1.1570019721984863, 'learning_rate': 7.467200000000001e-06, 'epoch': 2.54}
{'loss': 0.7396, 'grad_norm': 1.1785328388214111, 'learning_rate': 7.451200000000001e-06, 'epoch': 2.56}
{'loss': 0.7596, 'grad_norm': 1.146238088607788, 'learning_rate': 7.4368000000000005e-06, 'epoch': 2.58}
{'loss': 0.7442, 'grad_norm': 1.2400270700454712, 'learning_rate': 7.4208e-06, 'epoch': 2.59}
{'loss': 0.716, 'grad_norm': 1.296270489692688, 'learning_rate': 7.404800000000001e-06, 'epoch': 2.61}
{'loss': 0.7484, 'grad_norm': 1.3204814195632935, 'learning_rate': 7.3888e-06, 'epoch': 2.62}
{'loss': 0.7167, 'grad_norm': 1.143609881401062, 'learning_rate': 7.372800000000001e-06, 'epoch': 2.64}
{'loss': 0.7827, 'grad_norm': 1.2499092817306519, 'learning_rate': 7.3568000000000004e-06, 'epoch': 2.66}
{'loss': 0.7105, 'grad_norm': 1.2378718852996826, 'learning_rate': 7.3408e-06, 'epoch': 2.67}
{'loss': 0.7649, 'grad_norm': 1.120896577835083, 'learning_rate': 7.3264e-06, 'epoch': 2.69}
{'loss': 0.7507, 'grad_norm': 1.1700315475463867, 'learning_rate': 7.310400000000001e-06, 'epoch': 2.7}
{'loss': 0.7955, 'grad_norm': 1.3324118852615356, 'learning_rate': 7.2944e-06, 'epoch': 2.72}
{'loss': 0.792, 'grad_norm': 1.1997736692428589, 'learning_rate': 7.278400000000001e-06, 'epoch': 2.74}
{'loss': 0.7388, 'grad_norm': 1.3393839597702026, 'learning_rate': 7.262400000000001e-06, 'epoch': 2.75}
{'loss': 0.7494, 'grad_norm': 1.2918205261230469, 'learning_rate': 7.2464e-06, 'epoch': 2.77}
{'loss': 0.7468, 'grad_norm': 1.2143282890319824, 'learning_rate': 7.230400000000001e-06, 'epoch': 2.78}
{'loss': 0.7042, 'grad_norm': 1.2870347499847412, 'learning_rate': 7.2144e-06, 'epoch': 2.8}
{'loss': 0.7505, 'grad_norm': 1.2381055355072021, 'learning_rate': 7.198400000000001e-06, 'epoch': 2.82}
{'loss': 0.7961, 'grad_norm': 1.2187232971191406, 'learning_rate': 7.182400000000001e-06, 'epoch': 2.83}
{'loss': 0.7764, 'grad_norm': 1.3169820308685303, 'learning_rate': 7.166400000000001e-06, 'epoch': 2.85}
{'loss': 0.7661, 'grad_norm': 1.1046297550201416, 'learning_rate': 7.150400000000001e-06, 'epoch': 2.86}
{'loss': 0.7603, 'grad_norm': 1.1578835248947144, 'learning_rate': 7.1344e-06, 'epoch': 2.88}
{'loss': 0.7604, 'grad_norm': 1.1946200132369995, 'learning_rate': 7.118400000000001e-06, 'epoch': 2.9}
{'loss': 0.7797, 'grad_norm': 1.3406652212142944, 'learning_rate': 7.102400000000001e-06, 'epoch': 2.91}
{'loss': 0.7493, 'grad_norm': 1.1064000129699707, 'learning_rate': 7.086400000000001e-06, 'epoch': 2.93}
{'loss': 0.7253, 'grad_norm': 1.320765495300293, 'learning_rate': 7.070400000000001e-06, 'epoch': 2.94}
{'loss': 0.7553, 'grad_norm': 1.2645593881607056, 'learning_rate': 7.0544e-06, 'epoch': 2.96}
{'loss': 0.766, 'grad_norm': 1.2592629194259644, 'learning_rate': 7.038400000000001e-06, 'epoch': 2.98}
{'loss': 0.746, 'grad_norm': 1.2090686559677124, 'learning_rate': 7.022400000000001e-06, 'epoch': 2.99}
{'loss': 0.7672, 'grad_norm': 1.233199954032898, 'learning_rate': 7.006400000000001e-06, 'epoch': 3.01}
{'loss': 0.692, 'grad_norm': 1.076383113861084, 'learning_rate': 6.990400000000001e-06, 'epoch': 3.02}
{'loss': 0.684, 'grad_norm': 1.286478042602539, 'learning_rate': 6.9744e-06, 'epoch': 3.04}
{'loss': 0.7096, 'grad_norm': 1.1269644498825073, 'learning_rate': 6.958400000000001e-06, 'epoch': 3.06}
{'loss': 0.7168, 'grad_norm': 1.309974193572998, 'learning_rate': 6.942400000000001e-06, 'epoch': 3.07}
{'loss': 0.7089, 'grad_norm': 1.1768962144851685, 'learning_rate': 6.926400000000001e-06, 'epoch': 3.09}
{'loss': 0.7318, 'grad_norm': 1.1382787227630615, 'learning_rate': 6.910400000000001e-06, 'epoch': 3.1}
{'loss': 0.7546, 'grad_norm': 1.2922861576080322, 'learning_rate': 6.894400000000001e-06, 'epoch': 3.12}
{'loss': 0.7033, 'grad_norm': 1.2906965017318726, 'learning_rate': 6.878400000000001e-06, 'epoch': 3.14}
{'loss': 0.7086, 'grad_norm': 1.2949267625808716, 'learning_rate': 6.8624000000000006e-06, 'epoch': 3.15}
{'loss': 0.7266, 'grad_norm': 1.2050025463104248, 'learning_rate': 6.846400000000001e-06, 'epoch': 3.17}
{'loss': 0.7227, 'grad_norm': 1.2476190328598022, 'learning_rate': 6.830400000000001e-06, 'epoch': 3.18}
{'loss': 0.7261, 'grad_norm': 1.2785627841949463, 'learning_rate': 6.814400000000001e-06, 'epoch': 3.2}
{'loss': 0.7034, 'grad_norm': 1.134872317314148, 'learning_rate': 6.798400000000001e-06, 'epoch': 3.22}
{'loss': 0.6866, 'grad_norm': 1.1720209121704102, 'learning_rate': 6.7824000000000005e-06, 'epoch': 3.23}
{'loss': 0.7329, 'grad_norm': 1.2877905368804932, 'learning_rate': 6.766400000000001e-06, 'epoch': 3.25}
{'loss': 0.6977, 'grad_norm': 1.2808136940002441, 'learning_rate': 6.750400000000001e-06, 'epoch': 3.26}
{'loss': 0.7653, 'grad_norm': 1.2943017482757568, 'learning_rate': 6.7376000000000005e-06, 'epoch': 3.28}
{'loss': 0.7394, 'grad_norm': 1.1516590118408203, 'learning_rate': 6.7216e-06, 'epoch': 3.3}
{'loss': 0.723, 'grad_norm': 1.1920192241668701, 'learning_rate': 6.705600000000001e-06, 'epoch': 3.31}
{'loss': 0.7402, 'grad_norm': 1.520117998123169, 'learning_rate': 6.6896e-06, 'epoch': 3.33}
{'loss': 0.7104, 'grad_norm': 1.1914118528366089, 'learning_rate': 6.6736e-06, 'epoch': 3.34}
{'loss': 0.7295, 'grad_norm': 1.2442182302474976, 'learning_rate': 6.6576000000000004e-06, 'epoch': 3.36}
{'loss': 0.7351, 'grad_norm': 1.29092538356781, 'learning_rate': 6.643200000000001e-06, 'epoch': 3.38}
{'loss': 0.721, 'grad_norm': 1.2138195037841797, 'learning_rate': 6.627200000000001e-06, 'epoch': 3.39}
{'loss': 0.7295, 'grad_norm': 1.3484805822372437, 'learning_rate': 6.611200000000001e-06, 'epoch': 3.41}
{'loss': 0.7119, 'grad_norm': 1.260790467262268, 'learning_rate': 6.595200000000001e-06, 'epoch': 3.42}
{'loss': 0.7346, 'grad_norm': 1.354377031326294, 'learning_rate': 6.5792e-06, 'epoch': 3.44}
{'loss': 0.731, 'grad_norm': 1.4492584466934204, 'learning_rate': 6.563200000000001e-06, 'epoch': 3.46}
{'loss': 0.7166, 'grad_norm': 1.305594563484192, 'learning_rate': 6.547200000000001e-06, 'epoch': 3.47}
{'loss': 0.741, 'grad_norm': 1.3853800296783447, 'learning_rate': 6.5328e-06, 'epoch': 3.49}
{'loss': 0.7205, 'grad_norm': 1.1868500709533691, 'learning_rate': 6.516800000000001e-06, 'epoch': 3.5}
{'loss': 0.6965, 'grad_norm': 1.2620421648025513, 'learning_rate': 6.5008000000000005e-06, 'epoch': 3.52}
{'loss': 0.7083, 'grad_norm': 1.4467747211456299, 'learning_rate': 6.4848e-06, 'epoch': 3.54}
{'loss': 0.6966, 'grad_norm': nan, 'learning_rate': 6.468800000000001e-06, 'epoch': 3.55}
{'loss': 0.7188, 'grad_norm': 1.313942313194275, 'learning_rate': 6.4544e-06, 'epoch': 3.57}
{'loss': 0.7018, 'grad_norm': 1.213295578956604, 'learning_rate': 6.4384e-06, 'epoch': 3.58}
{'loss': 0.6907, 'grad_norm': 1.1963146924972534, 'learning_rate': 6.4224000000000005e-06, 'epoch': 3.6}
{'loss': 0.6908, 'grad_norm': 1.3923826217651367, 'learning_rate': 6.4064e-06, 'epoch': 3.62}
{'loss': 0.7249, 'grad_norm': 1.3218934535980225, 'learning_rate': 6.390400000000001e-06, 'epoch': 3.63}
{'loss': 0.7146, 'grad_norm': 1.3279165029525757, 'learning_rate': 6.3744e-06, 'epoch': 3.65}
{'loss': 0.7182, 'grad_norm': 1.2308629751205444, 'learning_rate': 6.3584e-06, 'epoch': 3.66}
{'loss': 0.7186, 'grad_norm': 1.272598147392273, 'learning_rate': 6.3424000000000005e-06, 'epoch': 3.68}
{'loss': 0.6737, 'grad_norm': 1.2096421718597412, 'learning_rate': 6.3264e-06, 'epoch': 3.7}
{'loss': 0.6981, 'grad_norm': 1.39265775680542, 'learning_rate': 6.310400000000001e-06, 'epoch': 3.71}
{'loss': 0.7395, 'grad_norm': 1.2808243036270142, 'learning_rate': 6.2944e-06, 'epoch': 3.73}
{'loss': 0.71, 'grad_norm': 1.032981276512146, 'learning_rate': 6.2784e-06, 'epoch': 3.74}
{'loss': 0.7071, 'grad_norm': 1.1505532264709473, 'learning_rate': 6.2624e-06, 'epoch': 3.76}
{'loss': 0.7152, 'grad_norm': 1.4247459173202515, 'learning_rate': 6.2464e-06, 'epoch': 3.78}
{'loss': 0.7056, 'grad_norm': 1.2401518821716309, 'learning_rate': 6.2304000000000005e-06, 'epoch': 3.79}
{'loss': 0.701, 'grad_norm': 1.2542823553085327, 'learning_rate': 6.2144e-06, 'epoch': 3.81}
{'loss': 0.7187, 'grad_norm': 1.2976341247558594, 'learning_rate': 6.1984e-06, 'epoch': 3.82}
{'loss': 0.7137, 'grad_norm': 1.175799012184143, 'learning_rate': 6.1824e-06, 'epoch': 3.84}
{'loss': 0.7231, 'grad_norm': 1.3803144693374634, 'learning_rate': 6.1664e-06, 'epoch': 3.86}
{'loss': 0.6913, 'grad_norm': 1.2388519048690796, 'learning_rate': 6.1504000000000004e-06, 'epoch': 3.87}
{'loss': 0.72, 'grad_norm': 1.2825247049331665, 'learning_rate': 6.1344e-06, 'epoch': 3.89}
{'loss': 0.7281, 'grad_norm': 1.1917775869369507, 'learning_rate': 6.1184000000000014e-06, 'epoch': 3.9}
{'loss': 0.6973, 'grad_norm': 1.0575945377349854, 'learning_rate': 6.1024e-06, 'epoch': 3.92}
{'loss': 0.6905, 'grad_norm': 1.2826179265975952, 'learning_rate': 6.0864e-06, 'epoch': 3.94}
{'loss': 0.7415, 'grad_norm': 1.374491572380066, 'learning_rate': 6.0704e-06, 'epoch': 3.95}
{'loss': 0.7442, 'grad_norm': 1.3013840913772583, 'learning_rate': 6.0544e-06, 'epoch': 3.97}
{'loss': 0.7364, 'grad_norm': 1.2370619773864746, 'learning_rate': 6.038400000000001e-06, 'epoch': 3.98}
{'loss': 0.649, 'grad_norm': 1.3374168872833252, 'learning_rate': 6.0224e-06, 'epoch': 4.0}
{'loss': 0.6791, 'grad_norm': 1.3168362379074097, 'learning_rate': 6.0064e-06, 'epoch': 4.02}
{'loss': 0.6608, 'grad_norm': 1.2602274417877197, 'learning_rate': 5.9904e-06, 'epoch': 4.03}
{'loss': 0.6907, 'grad_norm': 1.2929452657699585, 'learning_rate': 5.9744e-06, 'epoch': 4.05}
{'loss': 0.6686, 'grad_norm': 1.321410894393921, 'learning_rate': 5.958400000000001e-06, 'epoch': 4.06}
{'loss': 0.6701, 'grad_norm': 1.1757121086120605, 'learning_rate': 5.9424e-06, 'epoch': 4.08}
{'loss': 0.6912, 'grad_norm': 1.1608935594558716, 'learning_rate': 5.9264e-06, 'epoch': 4.1}
{'loss': 0.701, 'grad_norm': 1.2906054258346558, 'learning_rate': 5.9104e-06, 'epoch': 4.11}
{'loss': 0.6969, 'grad_norm': nan, 'learning_rate': 5.8944e-06, 'epoch': 4.13}
{'loss': 0.7047, 'grad_norm': 1.342428207397461, 'learning_rate': 5.8800000000000005e-06, 'epoch': 4.14}
{'loss': 0.6759, 'grad_norm': 1.4573873281478882, 'learning_rate': 5.864000000000001e-06, 'epoch': 4.16}
{'loss': 0.6733, 'grad_norm': 1.3036062717437744, 'learning_rate': 5.848000000000001e-06, 'epoch': 4.18}
{'loss': 0.6478, 'grad_norm': 1.3039180040359497, 'learning_rate': 5.832000000000001e-06, 'epoch': 4.19}
{'loss': 0.6501, 'grad_norm': 1.3322899341583252, 'learning_rate': 5.816000000000001e-06, 'epoch': 4.21}
{'loss': 0.6983, 'grad_norm': 1.4488247632980347, 'learning_rate': 5.8e-06, 'epoch': 4.22}
{'loss': 0.6855, 'grad_norm': 1.3308498859405518, 'learning_rate': 5.7856e-06, 'epoch': 4.24}
{'loss': 0.6604, 'grad_norm': 1.2067514657974243, 'learning_rate': 5.769600000000001e-06, 'epoch': 4.26}
{'loss': 0.6461, 'grad_norm': 1.5200450420379639, 'learning_rate': 5.7536e-06, 'epoch': 4.27}
{'loss': 0.6703, 'grad_norm': 1.232823133468628, 'learning_rate': 5.737600000000001e-06, 'epoch': 4.29}
{'loss': 0.6694, 'grad_norm': 1.3730107545852661, 'learning_rate': 5.7216e-06, 'epoch': 4.3}
{'loss': 0.6369, 'grad_norm': 1.17452871799469, 'learning_rate': 5.7056e-06, 'epoch': 4.32}
{'loss': 0.688, 'grad_norm': 1.4782034158706665, 'learning_rate': 5.6896000000000005e-06, 'epoch': 4.34}
{'loss': 0.6881, 'grad_norm': 1.4756155014038086, 'learning_rate': 5.6736e-06, 'epoch': 4.35}
{'loss': 0.6771, 'grad_norm': 1.3562923669815063, 'learning_rate': 5.657600000000001e-06, 'epoch': 4.37}
{'loss': 0.6827, 'grad_norm': 1.230229377746582, 'learning_rate': 5.6416e-06, 'epoch': 4.38}
{'loss': 0.6748, 'grad_norm': 1.3743654489517212, 'learning_rate': 5.6256e-06, 'epoch': 4.4}
{'loss': 0.7131, 'grad_norm': 1.4309462308883667, 'learning_rate': 5.6096000000000005e-06, 'epoch': 4.42}
{'loss': 0.662, 'grad_norm': 1.3345391750335693, 'learning_rate': 5.5936e-06, 'epoch': 4.43}
{'loss': 0.6723, 'grad_norm': 1.379762887954712, 'learning_rate': 5.577600000000001e-06, 'epoch': 4.45}
{'loss': 0.6674, 'grad_norm': 1.2047311067581177, 'learning_rate': 5.5616e-06, 'epoch': 4.46}
{'loss': 0.7176, 'grad_norm': 1.3737167119979858, 'learning_rate': 5.545600000000001e-06, 'epoch': 4.48}
{'loss': 0.7354, 'grad_norm': 1.2792938947677612, 'learning_rate': 5.5312e-06, 'epoch': 4.5}
{'loss': 0.6722, 'grad_norm': 1.2886526584625244, 'learning_rate': 5.5168e-06, 'epoch': 4.51}
{'loss': 0.6665, 'grad_norm': 1.2887431383132935, 'learning_rate': 5.500800000000001e-06, 'epoch': 4.53}
{'loss': 0.6851, 'grad_norm': 1.2094141244888306, 'learning_rate': 5.4848e-06, 'epoch': 4.54}
{'loss': 0.6576, 'grad_norm': 1.3200292587280273, 'learning_rate': 5.468800000000001e-06, 'epoch': 4.56}
{'loss': 0.6692, 'grad_norm': 1.3400777578353882, 'learning_rate': 5.4528000000000005e-06, 'epoch': 4.58}
{'loss': 0.6811, 'grad_norm': 1.339897632598877, 'learning_rate': 5.436800000000001e-06, 'epoch': 4.59}
{'loss': 0.6645, 'grad_norm': 1.3934012651443481, 'learning_rate': 5.420800000000001e-06, 'epoch': 4.61}
{'loss': 0.7289, 'grad_norm': nan, 'learning_rate': 5.4048e-06, 'epoch': 4.62}
{'loss': 0.7058, 'grad_norm': 1.294260859489441, 'learning_rate': 5.392e-06, 'epoch': 4.64}
{'loss': 0.6493, 'grad_norm': 1.3999779224395752, 'learning_rate': 5.376e-06, 'epoch': 4.66}
{'loss': 0.7097, 'grad_norm': 1.2494736909866333, 'learning_rate': 5.36e-06, 'epoch': 4.67}
{'loss': 0.6517, 'grad_norm': 1.3342732191085815, 'learning_rate': 5.344e-06, 'epoch': 4.69}
{'loss': 0.7059, 'grad_norm': 1.2832890748977661, 'learning_rate': 5.328000000000001e-06, 'epoch': 4.7}
{'loss': 0.6652, 'grad_norm': 1.3528199195861816, 'learning_rate': 5.312e-06, 'epoch': 4.72}
{'loss': 0.6441, 'grad_norm': 1.3891113996505737, 'learning_rate': 5.297600000000001e-06, 'epoch': 4.74}
{'loss': 0.6887, 'grad_norm': 1.3070156574249268, 'learning_rate': 5.2816e-06, 'epoch': 4.75}
{'loss': 0.6545, 'grad_norm': 1.2285295724868774, 'learning_rate': 5.265600000000001e-06, 'epoch': 4.77}
{'loss': 0.6626, 'grad_norm': 1.1609615087509155, 'learning_rate': 5.2496000000000005e-06, 'epoch': 4.78}
{'loss': 0.7048, 'grad_norm': 1.399458646774292, 'learning_rate': 5.233600000000001e-06, 'epoch': 4.8}
{'loss': 0.7028, 'grad_norm': 1.4198215007781982, 'learning_rate': 5.217600000000001e-06, 'epoch': 4.82}
{'loss': 0.6681, 'grad_norm': 1.177687644958496, 'learning_rate': 5.2016e-06, 'epoch': 4.83}
{'loss': 0.7098, 'grad_norm': 1.3481881618499756, 'learning_rate': 5.185600000000001e-06, 'epoch': 4.85}
{'loss': 0.6805, 'grad_norm': 1.3593190908432007, 'learning_rate': 5.1696000000000004e-06, 'epoch': 4.86}
{'loss': 0.6689, 'grad_norm': 1.3086591958999634, 'learning_rate': 5.1552e-06, 'epoch': 4.88}
{'loss': 0.7368, 'grad_norm': 1.8991740942001343, 'learning_rate': 5.1408e-06, 'epoch': 4.9}
{'loss': 0.7344, 'grad_norm': 1.5951899290084839, 'learning_rate': 5.1248000000000005e-06, 'epoch': 4.91}
{'loss': 0.6771, 'grad_norm': 1.6850943565368652, 'learning_rate': 5.1088e-06, 'epoch': 4.93}
{'loss': 0.6919, 'grad_norm': 1.6546653509140015, 'learning_rate': 5.0928e-06, 'epoch': 4.94}
{'loss': 0.6654, 'grad_norm': 1.6941524744033813, 'learning_rate': 5.0768e-06, 'epoch': 4.96}
{'loss': 0.7092, 'grad_norm': 1.688720464706421, 'learning_rate': 5.0608e-06, 'epoch': 4.98}
{'loss': 0.7315, 'grad_norm': 4.8665385246276855, 'learning_rate': 5.0448e-06, 'epoch': 4.99}
{'loss': 0.7119, 'grad_norm': 1.6180222034454346, 'learning_rate': 5.0288e-06, 'epoch': 5.01}
{'loss': 0.6769, 'grad_norm': 1.7357392311096191, 'learning_rate': 5.0128e-06, 'epoch': 5.02}
{'loss': 0.6574, 'grad_norm': 1.4984476566314697, 'learning_rate': 4.9968e-06, 'epoch': 5.04}
{'loss': 0.725, 'grad_norm': 1.7758827209472656, 'learning_rate': 4.980800000000001e-06, 'epoch': 5.06}
{'loss': 0.6838, 'grad_norm': 1.8020297288894653, 'learning_rate': 4.9648e-06, 'epoch': 5.07}
{'loss': 0.7045, 'grad_norm': 1.771113395690918, 'learning_rate': 4.9488e-06, 'epoch': 5.09}
{'loss': 0.7212, 'grad_norm': 1.6572504043579102, 'learning_rate': 4.9328000000000004e-06, 'epoch': 5.1}
{'loss': 0.7215, 'grad_norm': 2.11173939704895, 'learning_rate': 4.9184e-06, 'epoch': 5.12}
{'loss': 0.7435, 'grad_norm': 1.0491267442703247, 'learning_rate': 4.9056e-06, 'epoch': 5.14}
{'loss': 0.7039, 'grad_norm': 0.8293942213058472, 'learning_rate': 4.889600000000001e-06, 'epoch': 5.15}
{'loss': 0.7046, 'grad_norm': 1.0956676006317139, 'learning_rate': 4.8736e-06, 'epoch': 5.17}
{'loss': 0.6802, 'grad_norm': 1.148155689239502, 'learning_rate': 4.857600000000001e-06, 'epoch': 5.18}
{'loss': 0.6888, 'grad_norm': 1.0445328950881958, 'learning_rate': 4.8416e-06, 'epoch': 5.2}
{'loss': 0.712, 'grad_norm': 0.9746066927909851, 'learning_rate': 4.8256e-06, 'epoch': 5.22}
{'loss': 0.7129, 'grad_norm': 0.971400797367096, 'learning_rate': 4.8096000000000005e-06, 'epoch': 5.23}
{'loss': 0.6937, 'grad_norm': 0.7235476970672607, 'learning_rate': 4.7936e-06, 'epoch': 5.25}
{'loss': 0.6858, 'grad_norm': 0.8860971331596375, 'learning_rate': 4.777600000000001e-06, 'epoch': 5.26}
{'loss': 0.6665, 'grad_norm': 0.7602982521057129, 'learning_rate': 4.7616e-06, 'epoch': 5.28}
{'loss': 0.6855, 'grad_norm': 0.924570620059967, 'learning_rate': 4.7456e-06, 'epoch': 5.3}
{'loss': 0.6338, 'grad_norm': 0.8329946398735046, 'learning_rate': 4.7328e-06, 'epoch': 5.31}
{'loss': 0.7039, 'grad_norm': 0.7723058462142944, 'learning_rate': 4.7168e-06, 'epoch': 5.33}
{'loss': 0.6663, 'grad_norm': 0.8907251954078674, 'learning_rate': 4.7008e-06, 'epoch': 5.34}
{'loss': 0.6993, 'grad_norm': nan, 'learning_rate': 4.6848000000000004e-06, 'epoch': 5.36}
{'loss': 0.6876, 'grad_norm': 0.8186303377151489, 'learning_rate': 4.6704e-06, 'epoch': 5.38}
{'loss': 0.6515, 'grad_norm': 0.8326496481895447, 'learning_rate': 4.656000000000001e-06, 'epoch': 5.39}
{'loss': 0.6859, 'grad_norm': 0.87874835729599, 'learning_rate': 4.6400000000000005e-06, 'epoch': 5.41}
{'loss': 0.6985, 'grad_norm': 1.0614562034606934, 'learning_rate': 4.624e-06, 'epoch': 5.42}
{'loss': 0.6739, 'grad_norm': 0.804419219493866, 'learning_rate': 4.608000000000001e-06, 'epoch': 5.44}
{'loss': 0.6768, 'grad_norm': 0.9826188683509827, 'learning_rate': 4.592e-06, 'epoch': 5.46}
{'loss': 0.6665, 'grad_norm': 0.9625988006591797, 'learning_rate': 4.576000000000001e-06, 'epoch': 5.47}
{'loss': 0.7287, 'grad_norm': 1.1915146112442017, 'learning_rate': 4.5616000000000005e-06, 'epoch': 5.49}
{'loss': 0.7174, 'grad_norm': 1.4362560510635376, 'learning_rate': 4.5456e-06, 'epoch': 5.5}
{'loss': 0.6845, 'grad_norm': 1.3471472263336182, 'learning_rate': 4.5296e-06, 'epoch': 5.52}
{'loss': 0.7288, 'grad_norm': 0.0, 'learning_rate': 4.5152e-06, 'epoch': 5.54}
{'loss': 0.6928, 'grad_norm': 0.0, 'learning_rate': 4.4992e-06, 'epoch': 5.55}
{'loss': 0.7055, 'grad_norm': nan, 'learning_rate': 4.4832000000000005e-06, 'epoch': 5.57}
{'loss': 0.7079, 'grad_norm': 0.0, 'learning_rate': 4.4688e-06, 'epoch': 5.58}
{'loss': 0.7017, 'grad_norm': 0.0, 'learning_rate': 4.452800000000001e-06, 'epoch': 5.6}
{'loss': 0.683, 'grad_norm': 0.0, 'learning_rate': 4.4368000000000004e-06, 'epoch': 5.62}
{'loss': 0.7163, 'grad_norm': 0.0, 'learning_rate': 4.424e-06, 'epoch': 5.63}
{'loss': 0.7069, 'grad_norm': 0.0, 'learning_rate': 4.408000000000001e-06, 'epoch': 5.65}
{'loss': 0.6663, 'grad_norm': 0.0, 'learning_rate': 4.3920000000000005e-06, 'epoch': 5.66}
{'loss': 0.6532, 'grad_norm': 0.0, 'learning_rate': 4.376e-06, 'epoch': 5.68}
{'loss': 0.7068, 'grad_norm': 0.0, 'learning_rate': 4.360000000000001e-06, 'epoch': 5.7}
{'loss': 0.6622, 'grad_norm': 0.0, 'learning_rate': 4.344e-06, 'epoch': 5.71}
{'loss': 0.6935, 'grad_norm': 0.0, 'learning_rate': 4.328000000000001e-06, 'epoch': 5.73}
{'loss': 0.715, 'grad_norm': 0.0, 'learning_rate': 4.3136000000000005e-06, 'epoch': 5.74}
{'loss': 0.6949, 'grad_norm': 0.0, 'learning_rate': 4.2992e-06, 'epoch': 5.76}
{'loss': 0.6929, 'grad_norm': 0.0, 'learning_rate': 4.2832e-06, 'epoch': 5.78}
{'loss': 0.6884, 'grad_norm': 0.0, 'learning_rate': 4.2672e-06, 'epoch': 5.79}
{'loss': 0.6741, 'grad_norm': 0.0, 'learning_rate': 4.2512e-06, 'epoch': 5.81}
{'loss': 0.6649, 'grad_norm': 0.0, 'learning_rate': 4.2352000000000005e-06, 'epoch': 5.82}
{'loss': 0.6612, 'grad_norm': 0.0, 'learning_rate': 4.2192e-06, 'epoch': 5.84}
{'loss': 0.6973, 'grad_norm': 0.0, 'learning_rate': 4.203200000000001e-06, 'epoch': 5.86}
{'loss': 0.7037, 'grad_norm': 0.0, 'learning_rate': 4.1872e-06, 'epoch': 5.87}
{'loss': 0.7252, 'grad_norm': 0.0, 'learning_rate': 4.1728e-06, 'epoch': 5.89}
{'loss': 0.6984, 'grad_norm': 0.0, 'learning_rate': 4.156800000000001e-06, 'epoch': 5.9}
{'loss': 0.6787, 'grad_norm': 0.0, 'learning_rate': 4.1408e-06, 'epoch': 5.92}
{'loss': 0.7432, 'grad_norm': 0.0, 'learning_rate': 4.1264e-06, 'epoch': 5.94}
{'loss': 0.6971, 'grad_norm': 0.0, 'learning_rate': 4.1104000000000005e-06, 'epoch': 5.95}
{'loss': 0.6744, 'grad_norm': 0.0, 'learning_rate': 4.094400000000001e-06, 'epoch': 5.97}
{'loss': 0.6583, 'grad_norm': 0.0, 'learning_rate': 4.0784e-06, 'epoch': 5.98}
{'loss': 0.7294, 'grad_norm': 0.0, 'learning_rate': 4.064e-06, 'epoch': 6.0}
{'loss': 0.6819, 'grad_norm': 0.0, 'learning_rate': 4.048e-06, 'epoch': 6.02}
{'loss': 0.6703, 'grad_norm': 0.0, 'learning_rate': 4.0320000000000005e-06, 'epoch': 6.03}
{'loss': 0.682, 'grad_norm': 0.0, 'learning_rate': 4.016e-06, 'epoch': 6.05}
{'loss': 0.707, 'grad_norm': 0.0, 'learning_rate': 4.000000000000001e-06, 'epoch': 6.06}
{'loss': 0.6983, 'grad_norm': 0.0, 'learning_rate': 3.984e-06, 'epoch': 6.08}
{'loss': 0.6873, 'grad_norm': 0.0, 'learning_rate': 3.9712e-06, 'epoch': 6.1}
{'loss': 0.7123, 'grad_norm': 0.0, 'learning_rate': 3.9552e-06, 'epoch': 6.11}
{'loss': 0.6952, 'grad_norm': 0.0, 'learning_rate': 3.9392e-06, 'epoch': 6.13}
{'loss': 0.6701, 'grad_norm': 0.0, 'learning_rate': 3.9232e-06, 'epoch': 6.14}
{'loss': 0.7142, 'grad_norm': 0.0, 'learning_rate': 3.9072000000000005e-06, 'epoch': 6.16}
{'loss': 0.6716, 'grad_norm': 0.0, 'learning_rate': 3.8912e-06, 'epoch': 6.18}
{'loss': 0.7131, 'grad_norm': 0.0, 'learning_rate': 3.876800000000001e-06, 'epoch': 6.19}
{'loss': 0.6823, 'grad_norm': 0.0, 'learning_rate': 3.8608e-06, 'epoch': 6.21}
{'loss': 0.6923, 'grad_norm': 0.0, 'learning_rate': 3.8464e-06, 'epoch': 6.22}
{'loss': 0.6887, 'grad_norm': 0.0, 'learning_rate': 3.830400000000001e-06, 'epoch': 6.24}
{'loss': 0.6808, 'grad_norm': 0.0, 'learning_rate': 3.8144000000000003e-06, 'epoch': 6.26}
{'loss': 0.7207, 'grad_norm': nan, 'learning_rate': 3.8000000000000005e-06, 'epoch': 6.27}
{'loss': 0.6496, 'grad_norm': 0.0, 'learning_rate': 3.7856000000000002e-06, 'epoch': 6.29}
{'loss': 0.645, 'grad_norm': 0.0, 'learning_rate': 3.7696000000000003e-06, 'epoch': 6.3}
{'loss': 0.6746, 'grad_norm': 0.0, 'learning_rate': 3.7536000000000004e-06, 'epoch': 6.32}
{'loss': 0.7094, 'grad_norm': 0.0, 'learning_rate': 3.7376e-06, 'epoch': 6.34}
{'loss': 0.6893, 'grad_norm': 0.0, 'learning_rate': 3.7232e-06, 'epoch': 6.35}
{'loss': 0.683, 'grad_norm': 0.0, 'learning_rate': 3.7072000000000003e-06, 'epoch': 6.37}
{'loss': 0.6775, 'grad_norm': 0.0, 'learning_rate': 3.6912000000000003e-06, 'epoch': 6.38}
{'loss': 0.6895, 'grad_norm': 0.0, 'learning_rate': 3.6768000000000005e-06, 'epoch': 6.4}
{'loss': 0.6854, 'grad_norm': 0.0, 'learning_rate': 3.6608000000000006e-06, 'epoch': 6.42}
{'loss': 0.7286, 'grad_norm': 0.0, 'learning_rate': 3.6464000000000004e-06, 'epoch': 6.43}
{'loss': 0.7098, 'grad_norm': 0.0, 'learning_rate': 3.6304e-06, 'epoch': 6.45}
{'loss': 0.6163, 'grad_norm': 0.0, 'learning_rate': 3.616e-06, 'epoch': 6.46}
{'loss': 0.6522, 'grad_norm': 0.0, 'learning_rate': 3.6000000000000003e-06, 'epoch': 6.48}
{'loss': 0.7125, 'grad_norm': 0.0, 'learning_rate': 3.5856e-06, 'epoch': 6.5}
{'loss': 0.6941, 'grad_norm': 0.0, 'learning_rate': 3.5696e-06, 'epoch': 6.51}
{'loss': 0.6952, 'grad_norm': 0.0, 'learning_rate': 3.5536000000000006e-06, 'epoch': 6.53}
{'loss': 0.6878, 'grad_norm': 0.0, 'learning_rate': 3.5376000000000007e-06, 'epoch': 6.54}
{'loss': 0.6878, 'grad_norm': 0.0, 'learning_rate': 3.5216e-06, 'epoch': 6.56}
{'loss': 0.6819, 'grad_norm': 0.0, 'learning_rate': 3.5056e-06, 'epoch': 6.58}
{'loss': 0.6675, 'grad_norm': 0.0, 'learning_rate': 3.4896e-06, 'epoch': 6.59}
{'loss': 0.6848, 'grad_norm': 0.0, 'learning_rate': 3.4736000000000005e-06, 'epoch': 6.61}
{'loss': 0.6751, 'grad_norm': 0.0, 'learning_rate': 3.4576000000000006e-06, 'epoch': 6.62}
{'loss': 0.6475, 'grad_norm': 0.0, 'learning_rate': 3.4432000000000003e-06, 'epoch': 6.64}
{'loss': 0.7106, 'grad_norm': 0.0, 'learning_rate': 3.4288000000000005e-06, 'epoch': 6.66}
{'loss': 0.6896, 'grad_norm': 0.0, 'learning_rate': 3.4128e-06, 'epoch': 6.67}
{'loss': 0.6781, 'grad_norm': 0.0, 'learning_rate': 3.3984e-06, 'epoch': 6.69}
{'loss': 0.7, 'grad_norm': 0.0, 'learning_rate': 3.3824e-06, 'epoch': 6.7}
{'loss': 0.7048, 'grad_norm': 0.0, 'learning_rate': 3.3664e-06, 'epoch': 6.72}
{'loss': 0.6984, 'grad_norm': 0.0, 'learning_rate': 3.3520000000000003e-06, 'epoch': 6.74}
{'loss': 0.6642, 'grad_norm': 0.0, 'learning_rate': 3.3360000000000003e-06, 'epoch': 6.75}
{'loss': 0.6841, 'grad_norm': 0.0, 'learning_rate': 3.3216000000000005e-06, 'epoch': 6.77}
{'loss': 0.6871, 'grad_norm': 0.0, 'learning_rate': 3.3056000000000006e-06, 'epoch': 6.78}
{'loss': 0.6754, 'grad_norm': 0.0, 'learning_rate': 3.2896e-06, 'epoch': 6.8}
{'loss': 0.7446, 'grad_norm': 0.0, 'learning_rate': 3.2752e-06, 'epoch': 6.82}
{'loss': 0.6866, 'grad_norm': 0.0, 'learning_rate': 3.2592e-06, 'epoch': 6.83}
{'loss': 0.6786, 'grad_norm': 0.0, 'learning_rate': 3.2432e-06, 'epoch': 6.85}
{'loss': 0.6672, 'grad_norm': 0.0, 'learning_rate': 3.2272e-06, 'epoch': 6.86}
{'loss': 0.6889, 'grad_norm': 0.0, 'learning_rate': 3.2112000000000003e-06, 'epoch': 6.88}
{'loss': 0.6822, 'grad_norm': 0.0, 'learning_rate': 3.1952000000000003e-06, 'epoch': 6.9}
{'loss': 0.6826, 'grad_norm': 0.0, 'learning_rate': 3.1792e-06, 'epoch': 6.91}
{'loss': 0.6451, 'grad_norm': 0.0, 'learning_rate': 3.1632e-06, 'epoch': 6.93}
{'loss': 0.6782, 'grad_norm': 0.0, 'learning_rate': 3.1472e-06, 'epoch': 6.94}
{'loss': 0.6631, 'grad_norm': 0.0, 'learning_rate': 3.1312e-06, 'epoch': 6.96}
{'loss': 0.6683, 'grad_norm': 0.0, 'learning_rate': 3.1152000000000003e-06, 'epoch': 6.98}
{'loss': 0.6632, 'grad_norm': 0.0, 'learning_rate': 3.1008000000000004e-06, 'epoch': 6.99}
{'loss': 0.6569, 'grad_norm': 0.0, 'learning_rate': 3.0848e-06, 'epoch': 7.01}
{'loss': 0.6854, 'grad_norm': 0.0, 'learning_rate': 3.0688e-06, 'epoch': 7.02}
{'loss': 0.6909, 'grad_norm': 0.0, 'learning_rate': 3.0528000000000002e-06, 'epoch': 7.04}
{'loss': 0.7217, 'grad_norm': 0.0, 'learning_rate': 3.0368000000000003e-06, 'epoch': 7.06}
{'loss': 0.6746, 'grad_norm': 0.0, 'learning_rate': 3.0208000000000004e-06, 'epoch': 7.07}
{'loss': 0.6883, 'grad_norm': 0.0, 'learning_rate': 3.0048000000000004e-06, 'epoch': 7.09}
{'loss': 0.7102, 'grad_norm': 0.0, 'learning_rate': 2.9903999999999998e-06, 'epoch': 7.1}
{'loss': 0.7065, 'grad_norm': 0.0, 'learning_rate': 2.9776000000000005e-06, 'epoch': 7.12}
{'loss': 0.6516, 'grad_norm': 0.0, 'learning_rate': 2.9616e-06, 'epoch': 7.14}
{'loss': 0.6792, 'grad_norm': 0.0, 'learning_rate': 2.9456000000000002e-06, 'epoch': 7.15}
{'loss': 0.6807, 'grad_norm': 0.0, 'learning_rate': 2.9296000000000003e-06, 'epoch': 7.17}
{'loss': 0.7132, 'grad_norm': 0.0, 'learning_rate': 2.9152e-06, 'epoch': 7.18}
{'loss': 0.6626, 'grad_norm': 0.0, 'learning_rate': 2.8992000000000005e-06, 'epoch': 7.2}
{'loss': 0.6941, 'grad_norm': 0.0, 'learning_rate': 2.8832000000000006e-06, 'epoch': 7.22}
{'loss': 0.683, 'grad_norm': 0.0, 'learning_rate': 2.8688000000000004e-06, 'epoch': 7.23}
{'loss': 0.7047, 'grad_norm': 0.0, 'learning_rate': 2.8528e-06, 'epoch': 7.25}
{'loss': 0.7231, 'grad_norm': 0.0, 'learning_rate': 2.8384000000000002e-06, 'epoch': 7.26}
{'loss': 0.7015, 'grad_norm': 0.0, 'learning_rate': 2.824e-06, 'epoch': 7.28}
{'loss': 0.6879, 'grad_norm': 0.0, 'learning_rate': 2.808e-06, 'epoch': 7.3}
{'loss': 0.6732, 'grad_norm': 0.0, 'learning_rate': 2.792e-06, 'epoch': 7.31}
{'loss': 0.7201, 'grad_norm': 0.0, 'learning_rate': 2.7776000000000003e-06, 'epoch': 7.33}
{'loss': 0.6741, 'grad_norm': 0.0, 'learning_rate': 2.7616000000000004e-06, 'epoch': 7.34}
{'loss': 0.6987, 'grad_norm': 0.0, 'learning_rate': 2.7456000000000004e-06, 'epoch': 7.36}
{'loss': 0.6961, 'grad_norm': 0.0, 'learning_rate': 2.7296e-06, 'epoch': 7.38}
{'loss': 0.6732, 'grad_norm': 0.0, 'learning_rate': 2.7136e-06, 'epoch': 7.39}
{'loss': 0.7128, 'grad_norm': 0.0, 'learning_rate': 2.6976000000000002e-06, 'epoch': 7.41}
{'loss': 0.6678, 'grad_norm': 0.0, 'learning_rate': 2.6816000000000003e-06, 'epoch': 7.42}
{'loss': 0.6553, 'grad_norm': 0.0, 'learning_rate': 2.6656000000000004e-06, 'epoch': 7.44}
{'loss': 0.7186, 'grad_norm': 0.0, 'learning_rate': 2.6512000000000006e-06, 'epoch': 7.46}
{'loss': 0.709, 'grad_norm': 0.0, 'learning_rate': 2.6351999999999998e-06, 'epoch': 7.47}
{'loss': 0.683, 'grad_norm': 0.0, 'learning_rate': 2.6192000000000003e-06, 'epoch': 7.49}
{'loss': 0.7228, 'grad_norm': 0.0, 'learning_rate': 2.6048e-06, 'epoch': 7.5}
{'loss': 0.6882, 'grad_norm': 0.0, 'learning_rate': 2.5888e-06, 'epoch': 7.52}
{'loss': 0.6735, 'grad_norm': 0.0, 'learning_rate': 2.5728e-06, 'epoch': 7.54}
{'loss': 0.7203, 'grad_norm': nan, 'learning_rate': 2.5568000000000002e-06, 'epoch': 7.55}
{'loss': 0.7094, 'grad_norm': 0.0, 'learning_rate': 2.5440000000000005e-06, 'epoch': 7.57}
{'loss': 0.6757, 'grad_norm': 0.0, 'learning_rate': 2.5280000000000006e-06, 'epoch': 7.58}
{'loss': 0.6809, 'grad_norm': 0.0, 'learning_rate': 2.512e-06, 'epoch': 7.6}
{'loss': 0.6702, 'grad_norm': 0.0, 'learning_rate': 2.496e-06, 'epoch': 7.62}
{'loss': 0.6959, 'grad_norm': 0.0, 'learning_rate': 2.4800000000000004e-06, 'epoch': 7.63}
{'loss': 0.6638, 'grad_norm': 0.0, 'learning_rate': 2.4640000000000005e-06, 'epoch': 7.65}
{'loss': 0.7236, 'grad_norm': 0.0, 'learning_rate': 2.4496000000000002e-06, 'epoch': 7.66}
{'loss': 0.6701, 'grad_norm': 0.0, 'learning_rate': 2.4336000000000003e-06, 'epoch': 7.68}
{'loss': 0.6661, 'grad_norm': 0.0, 'learning_rate': 2.4176000000000004e-06, 'epoch': 7.7}
{'loss': 0.6512, 'grad_norm': 0.0, 'learning_rate': 2.4016000000000004e-06, 'epoch': 7.71}
{'loss': 0.6796, 'grad_norm': 0.0, 'learning_rate': 2.3856e-06, 'epoch': 7.73}
{'loss': 0.6845, 'grad_norm': 0.0, 'learning_rate': 2.3712000000000003e-06, 'epoch': 7.74}
{'loss': 0.691, 'grad_norm': 0.0, 'learning_rate': 2.3552000000000003e-06, 'epoch': 7.76}
{'loss': 0.655, 'grad_norm': 0.0, 'learning_rate': 2.3392e-06, 'epoch': 7.78}
{'loss': 0.6783, 'grad_norm': 0.0, 'learning_rate': 2.3232e-06, 'epoch': 7.79}
{'loss': 0.7449, 'grad_norm': 0.0, 'learning_rate': 2.3088000000000002e-06, 'epoch': 7.81}
{'loss': 0.687, 'grad_norm': 0.0, 'learning_rate': 2.2928000000000003e-06, 'epoch': 7.82}
{'loss': 0.7359, 'grad_norm': 0.0, 'learning_rate': 2.2784e-06, 'epoch': 7.84}
{'loss': 0.6916, 'grad_norm': 0.0, 'learning_rate': 2.2624e-06, 'epoch': 7.86}
{'loss': 0.7229, 'grad_norm': nan, 'learning_rate': 2.2464e-06, 'epoch': 7.87}
{'loss': 0.7015, 'grad_norm': 0.0, 'learning_rate': 2.2320000000000004e-06, 'epoch': 7.89}
{'loss': 0.668, 'grad_norm': 0.0, 'learning_rate': 2.216e-06, 'epoch': 7.9}
{'loss': 0.6779, 'grad_norm': 0.0, 'learning_rate': 2.2016000000000002e-06, 'epoch': 7.92}
{'loss': 0.6653, 'grad_norm': 0.0, 'learning_rate': 2.1856000000000003e-06, 'epoch': 7.94}
{'loss': 0.6821, 'grad_norm': 0.0, 'learning_rate': 2.1696e-06, 'epoch': 7.95}
{'loss': 0.6775, 'grad_norm': 0.0, 'learning_rate': 2.1536e-06, 'epoch': 7.97}
{'loss': 0.6985, 'grad_norm': 0.0, 'learning_rate': 2.1376e-06, 'epoch': 7.98}
{'loss': 0.6416, 'grad_norm': 0.0, 'learning_rate': 2.1216e-06, 'epoch': 8.0}
{'loss': 0.6612, 'grad_norm': 0.0, 'learning_rate': 2.1056000000000002e-06, 'epoch': 8.02}
{'loss': 0.6493, 'grad_norm': 0.0, 'learning_rate': 2.0896000000000003e-06, 'epoch': 8.03}
{'loss': 0.6975, 'grad_norm': 0.0, 'learning_rate': 2.0736e-06, 'epoch': 8.05}
{'loss': 0.7318, 'grad_norm': nan, 'learning_rate': 2.0576e-06, 'epoch': 8.06}
{'loss': 0.6989, 'grad_norm': 0.0, 'learning_rate': 2.0432e-06, 'epoch': 8.08}
{'loss': 0.6709, 'grad_norm': 0.0, 'learning_rate': 2.0272000000000003e-06, 'epoch': 8.1}
{'loss': 0.7388, 'grad_norm': nan, 'learning_rate': 2.0128e-06, 'epoch': 8.11}
{'loss': 0.6787, 'grad_norm': 0.0, 'learning_rate': 1.9984000000000002e-06, 'epoch': 8.13}
{'loss': 0.7146, 'grad_norm': 0.0, 'learning_rate': 1.984e-06, 'epoch': 8.14}
{'loss': 0.6895, 'grad_norm': 0.0, 'learning_rate': 1.968e-06, 'epoch': 8.16}
{'loss': 0.6847, 'grad_norm': 0.0, 'learning_rate': 1.952e-06, 'epoch': 8.18}
{'loss': 0.6811, 'grad_norm': 0.0, 'learning_rate': 1.936e-06, 'epoch': 8.19}
{'loss': 0.6836, 'grad_norm': 0.0, 'learning_rate': 1.9200000000000003e-06, 'epoch': 8.21}
{'loss': 0.6986, 'grad_norm': nan, 'learning_rate': 1.9040000000000003e-06, 'epoch': 8.22}
{'loss': 0.7054, 'grad_norm': 0.0, 'learning_rate': 1.8896e-06, 'epoch': 8.24}
{'loss': 0.6428, 'grad_norm': 0.0, 'learning_rate': 1.8752e-06, 'epoch': 8.26}
{'loss': 0.6487, 'grad_norm': 0.0, 'learning_rate': 1.8592000000000001e-06, 'epoch': 8.27}
{'loss': 0.65, 'grad_norm': 0.0, 'learning_rate': 1.8432000000000002e-06, 'epoch': 8.29}
{'loss': 0.6523, 'grad_norm': 0.0, 'learning_rate': 1.8272e-06, 'epoch': 8.3}
{'loss': 0.6895, 'grad_norm': 0.0, 'learning_rate': 1.8112000000000001e-06, 'epoch': 8.32}
{'loss': 0.7353, 'grad_norm': 0.0, 'learning_rate': 1.7968000000000003e-06, 'epoch': 8.34}
{'loss': 0.7023, 'grad_norm': 0.0, 'learning_rate': 1.7808e-06, 'epoch': 8.35}
{'loss': 0.7076, 'grad_norm': 0.0, 'learning_rate': 1.7648e-06, 'epoch': 8.37}
{'loss': 0.7469, 'grad_norm': 0.0, 'learning_rate': 1.7504000000000002e-06, 'epoch': 8.38}
{'loss': 0.6958, 'grad_norm': 0.0, 'learning_rate': 1.7344000000000003e-06, 'epoch': 8.4}
{'loss': 0.6726, 'grad_norm': 0.0, 'learning_rate': 1.7184000000000001e-06, 'epoch': 8.42}
{'loss': 0.6611, 'grad_norm': 0.0, 'learning_rate': 1.7024000000000002e-06, 'epoch': 8.43}
{'loss': 0.6773, 'grad_norm': 0.0, 'learning_rate': 1.6864000000000003e-06, 'epoch': 8.45}
{'loss': 0.7087, 'grad_norm': 0.0, 'learning_rate': 1.672e-06, 'epoch': 8.46}
{'loss': 0.6935, 'grad_norm': 0.0, 'learning_rate': 1.6560000000000001e-06, 'epoch': 8.48}
{'loss': 0.6858, 'grad_norm': 0.0, 'learning_rate': 1.6400000000000002e-06, 'epoch': 8.5}
{'loss': 0.7171, 'grad_norm': 0.0, 'learning_rate': 1.624e-06, 'epoch': 8.51}
{'loss': 0.6896, 'grad_norm': 0.0, 'learning_rate': 1.6096e-06, 'epoch': 8.53}
{'loss': 0.6905, 'grad_norm': 0.0, 'learning_rate': 1.5936e-06, 'epoch': 8.54}
{'loss': 0.6846, 'grad_norm': 0.0, 'learning_rate': 1.5776000000000002e-06, 'epoch': 8.56}
{'loss': 0.6772, 'grad_norm': 0.0, 'learning_rate': 1.5632e-06, 'epoch': 8.58}
{'loss': 0.6993, 'grad_norm': 0.0, 'learning_rate': 1.5472000000000002e-06, 'epoch': 8.59}
{'loss': 0.699, 'grad_norm': 0.0, 'learning_rate': 1.5328000000000002e-06, 'epoch': 8.61}
{'loss': 0.6721, 'grad_norm': 0.0, 'learning_rate': 1.5168000000000002e-06, 'epoch': 8.62}
{'loss': 0.7009, 'grad_norm': 0.0, 'learning_rate': 1.5024000000000002e-06, 'epoch': 8.64}
{'loss': 0.6715, 'grad_norm': 0.0, 'learning_rate': 1.4864e-06, 'epoch': 8.66}
{'loss': 0.6916, 'grad_norm': 0.0, 'learning_rate': 1.4704000000000001e-06, 'epoch': 8.67}
{'loss': 0.7344, 'grad_norm': 0.0, 'learning_rate': 1.4560000000000001e-06, 'epoch': 8.69}
{'loss': 0.7147, 'grad_norm': 0.0, 'learning_rate': 1.44e-06, 'epoch': 8.7}
{'loss': 0.6903, 'grad_norm': 0.0, 'learning_rate': 1.424e-06, 'epoch': 8.72}
{'loss': 0.6702, 'grad_norm': 0.0, 'learning_rate': 1.4080000000000001e-06, 'epoch': 8.74}
{'loss': 0.6971, 'grad_norm': 0.0, 'learning_rate': 1.392e-06, 'epoch': 8.75}
{'loss': 0.6948, 'grad_norm': 0.0, 'learning_rate': 1.3776e-06, 'epoch': 8.77}
{'loss': 0.6845, 'grad_norm': 0.0, 'learning_rate': 1.3616000000000002e-06, 'epoch': 8.78}
{'loss': 0.6706, 'grad_norm': 0.0, 'learning_rate': 1.3456000000000003e-06, 'epoch': 8.8}
{'loss': 0.6445, 'grad_norm': 0.0, 'learning_rate': 1.3296000000000002e-06, 'epoch': 8.82}
{'loss': 0.7216, 'grad_norm': 0.0, 'learning_rate': 1.3152000000000001e-06, 'epoch': 8.83}
{'loss': 0.6852, 'grad_norm': 0.0, 'learning_rate': 1.2992000000000002e-06, 'epoch': 8.85}
{'loss': 0.6746, 'grad_norm': 0.0, 'learning_rate': 1.2832e-06, 'epoch': 8.86}
{'loss': 0.6581, 'grad_norm': 0.0, 'learning_rate': 1.2672000000000001e-06, 'epoch': 8.88}
{'loss': 0.6575, 'grad_norm': 0.0, 'learning_rate': 1.2512000000000002e-06, 'epoch': 8.9}
{'loss': 0.7138, 'grad_norm': 0.0, 'learning_rate': 1.2352e-06, 'epoch': 8.91}
{'loss': 0.6735, 'grad_norm': 0.0, 'learning_rate': 1.2192000000000001e-06, 'epoch': 8.93}
{'loss': 0.6857, 'grad_norm': 0.0, 'learning_rate': 1.2032e-06, 'epoch': 8.94}
{'loss': 0.6662, 'grad_norm': 0.0, 'learning_rate': 1.1872000000000003e-06, 'epoch': 8.96}
{'loss': 0.6814, 'grad_norm': 0.0, 'learning_rate': 1.1712000000000001e-06, 'epoch': 8.98}
{'loss': 0.6714, 'grad_norm': 0.0, 'learning_rate': 1.1568e-06, 'epoch': 8.99}
{'loss': 0.6679, 'grad_norm': 0.0, 'learning_rate': 1.1408000000000002e-06, 'epoch': 9.01}
{'loss': 0.688, 'grad_norm': 0.0, 'learning_rate': 1.1248e-06, 'epoch': 9.02}
{'loss': 0.697, 'grad_norm': 0.0, 'learning_rate': 1.1088e-06, 'epoch': 9.04}
{'loss': 0.6903, 'grad_norm': 0.0, 'learning_rate': 1.0928000000000002e-06, 'epoch': 9.06}
{'loss': 0.6902, 'grad_norm': 0.0, 'learning_rate': 1.0768e-06, 'epoch': 9.07}
{'loss': 0.6814, 'grad_norm': 0.0, 'learning_rate': 1.0608e-06, 'epoch': 9.09}
{'loss': 0.6804, 'grad_norm': 0.0, 'learning_rate': 1.0448000000000001e-06, 'epoch': 9.1}
{'loss': 0.7227, 'grad_norm': 0.0, 'learning_rate': 1.032e-06, 'epoch': 9.12}
{'loss': 0.6593, 'grad_norm': 0.0, 'learning_rate': 1.016e-06, 'epoch': 9.14}
{'loss': 0.6812, 'grad_norm': 0.0, 'learning_rate': 1.0000000000000002e-06, 'epoch': 9.15}
{'loss': 0.6631, 'grad_norm': 0.0, 'learning_rate': 9.856e-07, 'epoch': 9.17}
{'loss': 0.695, 'grad_norm': 0.0, 'learning_rate': 9.696000000000002e-07, 'epoch': 9.18}
{'loss': 0.6637, 'grad_norm': 0.0, 'learning_rate': 9.536000000000001e-07, 'epoch': 9.2}
{'loss': 0.696, 'grad_norm': 0.0, 'learning_rate': 9.376e-07, 'epoch': 9.22}
{'loss': 0.7086, 'grad_norm': 0.0, 'learning_rate': 9.232000000000001e-07, 'epoch': 9.23}
{'loss': 0.6966, 'grad_norm': 0.0, 'learning_rate': 9.072000000000001e-07, 'epoch': 9.25}
{'loss': 0.6733, 'grad_norm': 0.0, 'learning_rate': 8.912000000000001e-07, 'epoch': 9.26}
{'loss': 0.6972, 'grad_norm': 0.0, 'learning_rate': 8.752000000000001e-07, 'epoch': 9.28}
{'loss': 0.6527, 'grad_norm': 0.0, 'learning_rate': 8.592000000000001e-07, 'epoch': 9.3}
{'loss': 0.7431, 'grad_norm': 0.0, 'learning_rate': 8.448e-07, 'epoch': 9.31}
{'loss': 0.6805, 'grad_norm': 0.0, 'learning_rate': 8.288e-07, 'epoch': 9.33}
{'loss': 0.6846, 'grad_norm': 0.0, 'learning_rate': 8.128000000000001e-07, 'epoch': 9.34}
{'loss': 0.666, 'grad_norm': 0.0, 'learning_rate': 7.968e-07, 'epoch': 9.36}
{'loss': 0.689, 'grad_norm': 0.0, 'learning_rate': 7.808e-07, 'epoch': 9.38}
{'loss': 0.6791, 'grad_norm': 0.0, 'learning_rate': 7.648000000000002e-07, 'epoch': 9.39}
{'loss': 0.6461, 'grad_norm': 0.0, 'learning_rate': 7.488e-07, 'epoch': 9.41}
{'loss': 0.7299, 'grad_norm': 0.0, 'learning_rate': 7.344000000000001e-07, 'epoch': 9.42}
{'loss': 0.7254, 'grad_norm': nan, 'learning_rate': 7.184000000000001e-07, 'epoch': 9.44}
{'loss': 0.6884, 'grad_norm': 0.0, 'learning_rate': 7.040000000000001e-07, 'epoch': 9.46}
{'loss': 0.6808, 'grad_norm': 0.0, 'learning_rate': 6.88e-07, 'epoch': 9.47}
{'loss': 0.671, 'grad_norm': 0.0, 'learning_rate': 6.72e-07, 'epoch': 9.49}
{'loss': 0.7239, 'grad_norm': nan, 'learning_rate': 6.576000000000001e-07, 'epoch': 9.5}
{'loss': 0.6782, 'grad_norm': 0.0, 'learning_rate': 6.432e-07, 'epoch': 9.52}
{'loss': 0.6887, 'grad_norm': 0.0, 'learning_rate': 6.272e-07, 'epoch': 9.54}
{'loss': 0.6814, 'grad_norm': 0.0, 'learning_rate': 6.128000000000001e-07, 'epoch': 9.55}
{'loss': 0.6314, 'grad_norm': 0.0, 'learning_rate': 6.000000000000001e-07, 'epoch': 9.57}
{'loss': 0.6588, 'grad_norm': 0.0, 'learning_rate': 5.84e-07, 'epoch': 9.58}
{'loss': 0.6774, 'grad_norm': 0.0, 'learning_rate': 5.680000000000001e-07, 'epoch': 9.6}
{'loss': 0.7265, 'grad_norm': 0.0, 'learning_rate': 5.536000000000001e-07, 'epoch': 9.62}
{'loss': 0.6863, 'grad_norm': 0.0, 'learning_rate': 5.376e-07, 'epoch': 9.63}
{'loss': 0.7201, 'grad_norm': 0.0, 'learning_rate': 5.216e-07, 'epoch': 9.65}
{'loss': 0.6875, 'grad_norm': 0.0, 'learning_rate': 5.072000000000001e-07, 'epoch': 9.66}
{'loss': 0.6766, 'grad_norm': 0.0, 'learning_rate': 4.912000000000001e-07, 'epoch': 9.68}
{'loss': 0.6815, 'grad_norm': 0.0, 'learning_rate': 4.752e-07, 'epoch': 9.7}
{'loss': 0.6884, 'grad_norm': 0.0, 'learning_rate': 4.592000000000001e-07, 'epoch': 9.71}
{'loss': 0.6962, 'grad_norm': 0.0, 'learning_rate': 4.432e-07, 'epoch': 9.73}
{'loss': 0.7112, 'grad_norm': 0.0, 'learning_rate': 4.2880000000000003e-07, 'epoch': 9.74}
{'loss': 0.7566, 'grad_norm': nan, 'learning_rate': 4.144e-07, 'epoch': 9.76}
{'loss': 0.6682, 'grad_norm': 0.0, 'learning_rate': 4.0160000000000005e-07, 'epoch': 9.78}
{'loss': 0.6751, 'grad_norm': 0.0, 'learning_rate': 3.856e-07, 'epoch': 9.79}
{'loss': 0.6616, 'grad_norm': 0.0, 'learning_rate': 3.6960000000000003e-07, 'epoch': 9.81}
{'loss': 0.6785, 'grad_norm': 0.0, 'learning_rate': 3.5360000000000004e-07, 'epoch': 9.82}
{'loss': 0.6642, 'grad_norm': 0.0, 'learning_rate': 3.376e-07, 'epoch': 9.84}
{'loss': 0.6668, 'grad_norm': 0.0, 'learning_rate': 3.216e-07, 'epoch': 9.86}
{'loss': 0.6498, 'grad_norm': 0.0, 'learning_rate': 3.0560000000000004e-07, 'epoch': 9.87}
{'loss': 0.6976, 'grad_norm': 0.0, 'learning_rate': 2.896e-07, 'epoch': 9.89}
{'loss': 0.6937, 'grad_norm': 0.0, 'learning_rate': 2.736e-07, 'epoch': 9.9}
{'loss': 0.6694, 'grad_norm': 0.0, 'learning_rate': 2.5760000000000003e-07, 'epoch': 9.92}
{'loss': 0.7056, 'grad_norm': 0.0, 'learning_rate': 2.4160000000000005e-07, 'epoch': 9.94}
{'loss': 0.6767, 'grad_norm': 0.0, 'learning_rate': 2.256e-07, 'epoch': 9.95}
{'loss': 0.6964, 'grad_norm': 0.0, 'learning_rate': 2.0960000000000002e-07, 'epoch': 9.97}
{'loss': 0.6899, 'grad_norm': 0.0, 'learning_rate': 1.936e-07, 'epoch': 9.98}
{'loss': 0.6823, 'grad_norm': 0.0, 'learning_rate': 1.7760000000000003e-07, 'epoch': 10.0}
{'train_runtime': 4631.0077, 'train_samples_per_second': 21.594, 'train_steps_per_second': 1.35, 'train_loss': 0.7309349019622803, 'epoch': 10.0}
[1;34mwandb[0m: 
[1;34mwandb[0m: 🚀 View run [33mSFT-SmolLM2-360M-Instruct-RUN-20250808-155010[0m at: [34mhttps://wandb.ai/khu_wjkim/Smol-Course-Week3%28SFT%29/runs/wsujs2wu[0m
[1;34mwandb[0m: Find logs at: [1;35mwandb/run-20250808_155010-wsujs2wu/logs[0m
